CRITICAL - 2024-07-22 23:05:38 --> Invalid file: login.php
#0 C:\burger\system\View\View.php(198): CodeIgniter\Exceptions\FrameworkException::forInvalidFile('login.php')
#1 C:\burger\system\Common.php(1089): CodeIgniter\View\View->render('login', Array, true)
#2 C:\burger\app\Controllers\Home.php(85): view('login')
#3 C:\burger\system\CodeIgniter.php(832): App\Controllers\Home->login()
#4 C:\burger\system\CodeIgniter.php(419): CodeIgniter\CodeIgniter->runController(Object(App\Controllers\Home))
#5 C:\burger\system\CodeIgniter.php(326): CodeIgniter\CodeIgniter->handleRequest(NULL, Object(Config\Cache), false)
#6 C:\burger\public\index.php(37): CodeIgniter\CodeIgniter->run()
#7 C:\burger\system\Commands\Server\rewrite.php(43): require_once('C:\\burger\\publi...')
#8 {main}
CRITICAL - 2024-07-22 23:05:49 --> Invalid file: login.php
#0 C:\burger\system\View\View.php(198): CodeIgniter\Exceptions\FrameworkException::forInvalidFile('login.php')
#1 C:\burger\system\Common.php(1089): CodeIgniter\View\View->render('login', Array, true)
#2 C:\burger\app\Controllers\Home.php(85): view('login')
#3 C:\burger\system\CodeIgniter.php(832): App\Controllers\Home->login()
#4 C:\burger\system\CodeIgniter.php(419): CodeIgniter\CodeIgniter->runController(Object(App\Controllers\Home))
#5 C:\burger\system\CodeIgniter.php(326): CodeIgniter\CodeIgniter->handleRequest(NULL, Object(Config\Cache), false)
#6 C:\burger\public\index.php(37): CodeIgniter\CodeIgniter->run()
#7 C:\burger\system\Commands\Server\rewrite.php(43): require_once('C:\\burger\\publi...')
#8 {main}
ERROR - 2024-07-22 23:09:29 --> No database selected
CRITICAL - 2024-07-22 23:09:29 --> Call to a member function getRow() on bool
#0 C:\burger\app\Controllers\Home.php(96): App\Models\M_burger->getWhere('user', Array)
#1 C:\burger\system\CodeIgniter.php(832): App\Controllers\Home->aksi_login()
#2 C:\burger\system\CodeIgniter.php(419): CodeIgniter\CodeIgniter->runController(Object(App\Controllers\Home))
#3 C:\burger\system\CodeIgniter.php(326): CodeIgniter\CodeIgniter->handleRequest(NULL, Object(Config\Cache), false)
#4 C:\burger\public\index.php(37): CodeIgniter\CodeIgniter->run()
#5 C:\burger\system\Commands\Server\rewrite.php(43): require_once('C:\\burger\\publi...')
#6 {main}
ERROR - 2024-07-22 23:10:08 --> No database selected
CRITICAL - 2024-07-22 23:10:08 --> Call to a member function getRow() on bool
#0 C:\burger\app\Controllers\Home.php(96): App\Models\M_burger->getWhere('user', Array)
#1 C:\burger\system\CodeIgniter.php(832): App\Controllers\Home->aksi_login()
#2 C:\burger\system\CodeIgniter.php(419): CodeIgniter\CodeIgniter->runController(Object(App\Controllers\Home))
#3 C:\burger\system\CodeIgniter.php(326): CodeIgniter\CodeIgniter->handleRequest(NULL, Object(Config\Cache), false)
#4 C:\burger\public\index.php(37): CodeIgniter\CodeIgniter->run()
#5 C:\burger\system\Commands\Server\rewrite.php(43): require_once('C:\\burger\\publi...')
#6 {main}
ERROR - 2024-07-22 23:10:45 --> No database selected
CRITICAL - 2024-07-22 23:10:45 --> Call to a member function getRow() on bool
#0 C:\burger\app\Controllers\Home.php(96): App\Models\M_burger->getWhere('user', Array)
#1 C:\burger\system\CodeIgniter.php(832): App\Controllers\Home->aksi_login()
#2 C:\burger\system\CodeIgniter.php(419): CodeIgniter\CodeIgniter->runController(Object(App\Controllers\Home))
#3 C:\burger\system\CodeIgniter.php(326): CodeIgniter\CodeIgniter->handleRequest(NULL, Object(Config\Cache), false)
#4 C:\burger\public\index.php(37): CodeIgniter\CodeIgniter->run()
#5 C:\burger\system\Commands\Server\rewrite.php(43): require_once('C:\\burger\\publi...')
#6 {main}
ERROR - 2024-07-22 23:10:56 --> No database selected
CRITICAL - 2024-07-22 23:10:56 --> Call to a member function getRow() on bool
#0 C:\burger\app\Controllers\Home.php(96): App\Models\M_burger->getWhere('user', Array)
#1 C:\burger\system\CodeIgniter.php(832): App\Controllers\Home->aksi_login()
#2 C:\burger\system\CodeIgniter.php(419): CodeIgniter\CodeIgniter->runController(Object(App\Controllers\Home))
#3 C:\burger\system\CodeIgniter.php(326): CodeIgniter\CodeIgniter->handleRequest(NULL, Object(Config\Cache), false)
#4 C:\burger\public\index.php(37): CodeIgniter\CodeIgniter->run()
#5 C:\burger\system\Commands\Server\rewrite.php(43): require_once('C:\\burger\\publi...')
#6 {main}
ERROR - 2024-07-22 23:14:44 --> No database selected
CRITICAL - 2024-07-22 23:14:44 --> Call to a member function getRow() on bool
#0 C:\burger\app\Controllers\Home.php(96): App\Models\M_burger->getWhere('user', Array)
#1 C:\burger\system\CodeIgniter.php(832): App\Controllers\Home->aksi_login()
#2 C:\burger\system\CodeIgniter.php(419): CodeIgniter\CodeIgniter->runController(Object(App\Controllers\Home))
#3 C:\burger\system\CodeIgniter.php(326): CodeIgniter\CodeIgniter->handleRequest(NULL, Object(Config\Cache), false)
#4 C:\burger\public\index.php(37): CodeIgniter\CodeIgniter->run()
#5 C:\burger\system\Commands\Server\rewrite.php(43): require_once('C:\\burger\\publi...')
#6 {main}
ERROR - 2024-07-22 23:15:54 --> No database selected
CRITICAL - 2024-07-22 23:15:54 --> Call to a member function getRow() on bool
#0 C:\burger\app\Controllers\Home.php(96): App\Models\M_burger->getWhere('user', Array)
#1 C:\burger\system\CodeIgniter.php(832): App\Controllers\Home->aksi_login()
#2 C:\burger\system\CodeIgniter.php(419): CodeIgniter\CodeIgniter->runController(Object(App\Controllers\Home))
#3 C:\burger\system\CodeIgniter.php(326): CodeIgniter\CodeIgniter->handleRequest(NULL, Object(Config\Cache), false)
#4 C:\burger\public\index.php(37): CodeIgniter\CodeIgniter->run()
#5 C:\burger\system\Commands\Server\rewrite.php(43): require_once('C:\\burger\\publi...')
#6 {main}
CRITICAL - 2024-07-22 23:17:10 --> Undefined property: stdClass::$nama
#0 C:\burger\app\Controllers\Home.php(99): CodeIgniter\Debug\Exceptions->errorHandler(2, 'Undefined prope...', 'C:\\burger\\app\\C...', 99)
#1 C:\burger\system\CodeIgniter.php(832): App\Controllers\Home->aksi_login()
#2 C:\burger\system\CodeIgniter.php(419): CodeIgniter\CodeIgniter->runController(Object(App\Controllers\Home))
#3 C:\burger\system\CodeIgniter.php(326): CodeIgniter\CodeIgniter->handleRequest(NULL, Object(Config\Cache), false)
#4 C:\burger\public\index.php(37): CodeIgniter\CodeIgniter->run()
#5 C:\burger\system\Commands\Server\rewrite.php(43): require_once('C:\\burger\\publi...')
#6 {main}
CRITICAL - 2024-07-22 23:17:58 --> Undefined property: stdClass::$nama
#0 C:\burger\app\Controllers\Home.php(99): CodeIgniter\Debug\Exceptions->errorHandler(2, 'Undefined prope...', 'C:\\burger\\app\\C...', 99)
#1 C:\burger\system\CodeIgniter.php(832): App\Controllers\Home->aksi_login()
#2 C:\burger\system\CodeIgniter.php(419): CodeIgniter\CodeIgniter->runController(Object(App\Controllers\Home))
#3 C:\burger\system\CodeIgniter.php(326): CodeIgniter\CodeIgniter->handleRequest(NULL, Object(Config\Cache), false)
#4 C:\burger\public\index.php(37): CodeIgniter\CodeIgniter->run()
#5 C:\burger\system\Commands\Server\rewrite.php(43): require_once('C:\\burger\\publi...')
#6 {main}
CRITICAL - 2024-07-22 23:18:39 --> Undefined property: stdClass::$nama
#0 C:\burger\app\Controllers\Home.php(99): CodeIgniter\Debug\Exceptions->errorHandler(2, 'Undefined prope...', 'C:\\burger\\app\\C...', 99)
#1 C:\burger\system\CodeIgniter.php(832): App\Controllers\Home->aksi_login()
#2 C:\burger\system\CodeIgniter.php(419): CodeIgniter\CodeIgniter->runController(Object(App\Controllers\Home))
#3 C:\burger\system\CodeIgniter.php(326): CodeIgniter\CodeIgniter->handleRequest(NULL, Object(Config\Cache), false)
#4 C:\burger\public\index.php(37): CodeIgniter\CodeIgniter->run()
#5 C:\burger\system\Commands\Server\rewrite.php(43): require_once('C:\\burger\\publi...')
#6 {main}
CRITICAL - 2024-07-22 23:18:45 --> Undefined property: stdClass::$nama
#0 C:\burger\app\Controllers\Home.php(99): CodeIgniter\Debug\Exceptions->errorHandler(2, 'Undefined prope...', 'C:\\burger\\app\\C...', 99)
#1 C:\burger\system\CodeIgniter.php(832): App\Controllers\Home->aksi_login()
#2 C:\burger\system\CodeIgniter.php(419): CodeIgniter\CodeIgniter->runController(Object(App\Controllers\Home))
#3 C:\burger\system\CodeIgniter.php(326): CodeIgniter\CodeIgniter->handleRequest(NULL, Object(Config\Cache), false)
#4 C:\burger\public\index.php(37): CodeIgniter\CodeIgniter->run()
#5 C:\burger\system\Commands\Server\rewrite.php(43): require_once('C:\\burger\\publi...')
#6 {main}
CRITICAL - 2024-07-22 23:19:42 --> Undefined property: stdClass::$nama
#0 C:\burger\app\Controllers\Home.php(99): CodeIgniter\Debug\Exceptions->errorHandler(2, 'Undefined prope...', 'C:\\burger\\app\\C...', 99)
#1 C:\burger\system\CodeIgniter.php(832): App\Controllers\Home->aksi_login()
#2 C:\burger\system\CodeIgniter.php(419): CodeIgniter\CodeIgniter->runController(Object(App\Controllers\Home))
#3 C:\burger\system\CodeIgniter.php(326): CodeIgniter\CodeIgniter->handleRequest(NULL, Object(Config\Cache), false)
#4 C:\burger\public\index.php(37): CodeIgniter\CodeIgniter->run()
#5 C:\burger\system\Commands\Server\rewrite.php(43): require_once('C:\\burger\\publi...')
#6 {main}
CRITICAL - 2024-07-22 23:19:52 --> Undefined property: stdClass::$nama
#0 C:\burger\app\Controllers\Home.php(99): CodeIgniter\Debug\Exceptions->errorHandler(2, 'Undefined prope...', 'C:\\burger\\app\\C...', 99)
#1 C:\burger\system\CodeIgniter.php(832): App\Controllers\Home->aksi_login()
#2 C:\burger\system\CodeIgniter.php(419): CodeIgniter\CodeIgniter->runController(Object(App\Controllers\Home))
#3 C:\burger\system\CodeIgniter.php(326): CodeIgniter\CodeIgniter->handleRequest(NULL, Object(Config\Cache), false)
#4 C:\burger\public\index.php(37): CodeIgniter\CodeIgniter->run()
#5 C:\burger\system\Commands\Server\rewrite.php(43): require_once('C:\\burger\\publi...')
#6 {main}
CRITICAL - 2024-07-22 23:21:12 --> Undefined property: stdClass::$id
#0 C:\burger\app\Controllers\Home.php(100): CodeIgniter\Debug\Exceptions->errorHandler(2, 'Undefined prope...', 'C:\\burger\\app\\C...', 100)
#1 C:\burger\system\CodeIgniter.php(832): App\Controllers\Home->aksi_login()
#2 C:\burger\system\CodeIgniter.php(419): CodeIgniter\CodeIgniter->runController(Object(App\Controllers\Home))
#3 C:\burger\system\CodeIgniter.php(326): CodeIgniter\CodeIgniter->handleRequest(NULL, Object(Config\Cache), false)
#4 C:\burger\public\index.php(37): CodeIgniter\CodeIgniter->run()
#5 C:\burger\system\Commands\Server\rewrite.php(43): require_once('C:\\burger\\publi...')
#6 {main}
CRITICAL - 2024-07-22 23:23:42 --> Undefined property: stdClass::$id
#0 C:\burger\app\Controllers\Home.php(100): CodeIgniter\Debug\Exceptions->errorHandler(2, 'Undefined prope...', 'C:\\burger\\app\\C...', 100)
#1 C:\burger\system\CodeIgniter.php(832): App\Controllers\Home->aksi_login()
#2 C:\burger\system\CodeIgniter.php(419): CodeIgniter\CodeIgniter->runController(Object(App\Controllers\Home))
#3 C:\burger\system\CodeIgniter.php(326): CodeIgniter\CodeIgniter->handleRequest(NULL, Object(Config\Cache), false)
#4 C:\burger\public\index.php(37): CodeIgniter\CodeIgniter->run()
#5 C:\burger\system\Commands\Server\rewrite.php(43): require_once('C:\\burger\\publi...')
#6 {main}
CRITICAL - 2024-07-22 23:24:56 --> Undefined property: stdClass::$nama
#0 C:\burger\app\Controllers\Home.php(99): CodeIgniter\Debug\Exceptions->errorHandler(2, 'Undefined prope...', 'C:\\burger\\app\\C...', 99)
#1 C:\burger\system\CodeIgniter.php(832): App\Controllers\Home->aksi_login()
#2 C:\burger\system\CodeIgniter.php(419): CodeIgniter\CodeIgniter->runController(Object(App\Controllers\Home))
#3 C:\burger\system\CodeIgniter.php(326): CodeIgniter\CodeIgniter->handleRequest(NULL, Object(Config\Cache), false)
#4 C:\burger\public\index.php(37): CodeIgniter\CodeIgniter->run()
#5 C:\burger\system\Commands\Server\rewrite.php(43): require_once('C:\\burger\\publi...')
#6 {main}
CRITICAL - 2024-07-22 23:28:34 --> Undefined property: stdClass::$nama
#0 C:\burger\app\Controllers\Home.php(99): CodeIgniter\Debug\Exceptions->errorHandler(2, 'Undefined prope...', 'C:\\burger\\app\\C...', 99)
#1 C:\burger\system\CodeIgniter.php(832): App\Controllers\Home->aksi_login()
#2 C:\burger\system\CodeIgniter.php(419): CodeIgniter\CodeIgniter->runController(Object(App\Controllers\Home))
#3 C:\burger\system\CodeIgniter.php(326): CodeIgniter\CodeIgniter->handleRequest(NULL, Object(Config\Cache), false)
#4 C:\burger\public\index.php(37): CodeIgniter\CodeIgniter->run()
#5 C:\burger\system\Commands\Server\rewrite.php(43): require_once('C:\\burger\\publi...')
#6 {main}
CRITICAL - 2024-07-22 23:31:58 --> Undefined property: stdClass::$nama
#0 C:\burger\app\Controllers\Home.php(99): CodeIgniter\Debug\Exceptions->errorHandler(2, 'Undefined prope...', 'C:\\burger\\app\\C...', 99)
#1 C:\burger\system\CodeIgniter.php(832): App\Controllers\Home->aksi_login()
#2 C:\burger\system\CodeIgniter.php(419): CodeIgniter\CodeIgniter->runController(Object(App\Controllers\Home))
#3 C:\burger\system\CodeIgniter.php(326): CodeIgniter\CodeIgniter->handleRequest(NULL, Object(Config\Cache), false)
#4 C:\burger\public\index.php(37): CodeIgniter\CodeIgniter->run()
#5 C:\burger\system\Commands\Server\rewrite.php(43): require_once('C:\\burger\\publi...')
#6 {main}
CRITICAL - 2024-07-22 23:58:39 --> Undefined property: stdClass::$nama
#0 C:\burger\app\Controllers\Home.php(99): CodeIgniter\Debug\Exceptions->errorHandler(2, 'Undefined prope...', 'C:\\burger\\app\\C...', 99)
#1 C:\burger\system\CodeIgniter.php(832): App\Controllers\Home->aksi_login()
#2 C:\burger\system\CodeIgniter.php(419): CodeIgniter\CodeIgniter->runController(Object(App\Controllers\Home))
#3 C:\burger\system\CodeIgniter.php(326): CodeIgniter\CodeIgniter->handleRequest(NULL, Object(Config\Cache), false)
#4 C:\burger\public\index.php(37): CodeIgniter\CodeIgniter->run()
#5 C:\burger\system\Commands\Server\rewrite.php(43): require_once('C:\\burger\\publi...')
#6 {main}
CRITICAL - 2024-07-22 23:59:43 --> Undefined property: stdClass::$nama
#0 C:\burger\app\Controllers\Home.php(99): CodeIgniter\Debug\Exceptions->errorHandler(2, 'Undefined prope...', 'C:\\burger\\app\\C...', 99)
#1 C:\burger\system\CodeIgniter.php(832): App\Controllers\Home->aksi_login()
#2 C:\burger\system\CodeIgniter.php(419): CodeIgniter\CodeIgniter->runController(Object(App\Controllers\Home))
#3 C:\burger\system\CodeIgniter.php(326): CodeIgniter\CodeIgniter->handleRequest(NULL, Object(Config\Cache), false)
#4 C:\burger\public\index.php(37): CodeIgniter\CodeIgniter->run()
#5 C:\burger\system\Commands\Server\rewrite.php(43): require_once('C:\\burger\\publi...')
#6 {main}
