CRITICAL - 2024-08-11 21:35:18 --> Cannot redeclare App\Controllers\Home::activity_log()
#0 [internal function]: CodeIgniter\Debug\Exceptions->shutdownHandler()
#1 {main}
CRITICAL - 2024-08-11 21:35:37 --> Cannot redeclare App\Controllers\Home::activity_log()
#0 [internal function]: CodeIgniter\Debug\Exceptions->shutdownHandler()
#1 {main}
ERROR - 2024-08-11 21:39:59 --> Unknown column 'activity_logs.activity' in 'field list'
CRITICAL - 2024-08-11 21:39:59 --> Call to a member function getResultArray() on bool
#0 C:\burger\app\Controllers\Home.php(154): App\Models\M_burger->gethistoryedit()
#1 C:\burger\system\CodeIgniter.php(832): App\Controllers\Home->history_edit()
#2 C:\burger\system\CodeIgniter.php(419): CodeIgniter\CodeIgniter->runController(Object(App\Controllers\Home))
#3 C:\burger\system\CodeIgniter.php(326): CodeIgniter\CodeIgniter->handleRequest(NULL, Object(Config\Cache), false)
#4 C:\burger\public\index.php(37): CodeIgniter\CodeIgniter->run()
#5 C:\burger\system\Commands\Server\rewrite.php(43): require_once('C:\\burger\\publi...')
#6 {main}
CRITICAL - 2024-08-11 21:43:39 --> Call to undefined method App\Models\M_burger::historyedit
#0 C:\burger\app\Controllers\Home.php(345): CodeIgniter\Model->__call('historyedit', Array)
#1 C:\burger\system\CodeIgniter.php(832): App\Controllers\Home->aksi_e_burger()
#2 C:\burger\system\CodeIgniter.php(419): CodeIgniter\CodeIgniter->runController(Object(App\Controllers\Home))
#3 C:\burger\system\CodeIgniter.php(326): CodeIgniter\CodeIgniter->handleRequest(NULL, Object(Config\Cache), false)
#4 C:\burger\public\index.php(37): CodeIgniter\CodeIgniter->run()
#5 C:\burger\system\Commands\Server\rewrite.php(43): require_once('C:\\burger\\publi...')
#6 {main}
CRITICAL - 2024-08-11 21:46:31 --> Cannot redeclare App\Models\M_burger::logActivity()
#0 [internal function]: CodeIgniter\Debug\Exceptions->shutdownHandler()
#1 {main}
ERROR - 2024-08-11 21:58:56 --> Unknown column 'foto' in 'field list'
ERROR - 2024-08-11 22:01:39 --> Unknown column 'foto' in 'field list'
ERROR - 2024-08-11 22:02:17 --> Unknown column 'foto' in 'field list'
ERROR - 2024-08-11 22:02:34 --> Unknown column 'foto' in 'field list'
ERROR - 2024-08-11 22:08:17 --> Unknown column 'foto' in 'field list'
ERROR - 2024-08-11 22:08:52 --> Unknown column 'foto' in 'field list'
ERROR - 2024-08-11 22:09:48 --> Unknown column 'foto' in 'field list'
ERROR - 2024-08-11 22:12:42 --> Unknown column 'foto' in 'field list'
ERROR - 2024-08-11 22:12:58 --> Unknown column 'foto' in 'field list'
ERROR - 2024-08-11 22:17:06 --> Unknown column 'foto' in 'field list'
ERROR - 2024-08-11 22:19:34 --> Unknown column 'foto' in 'field list'
CRITICAL - 2024-08-11 22:31:51 --> Call to a member function get() on null
#0 C:\burger\system\CodeIgniter.php(832): App\Controllers\Home->aksi_e_burger()
#1 C:\burger\system\CodeIgniter.php(419): CodeIgniter\CodeIgniter->runController(Object(App\Controllers\Home))
#2 C:\burger\system\CodeIgniter.php(326): CodeIgniter\CodeIgniter->handleRequest(NULL, Object(Config\Cache), false)
#3 C:\burger\public\index.php(37): CodeIgniter\CodeIgniter->run()
#4 C:\burger\system\Commands\Server\rewrite.php(43): require_once('C:\\burger\\publi...')
#5 {main}
CRITICAL - 2024-08-11 22:32:04 --> Call to a member function get() on null
#0 C:\burger\system\CodeIgniter.php(832): App\Controllers\Home->aksi_e_burger()
#1 C:\burger\system\CodeIgniter.php(419): CodeIgniter\CodeIgniter->runController(Object(App\Controllers\Home))
#2 C:\burger\system\CodeIgniter.php(326): CodeIgniter\CodeIgniter->handleRequest(NULL, Object(Config\Cache), false)
#3 C:\burger\public\index.php(37): CodeIgniter\CodeIgniter->run()
#4 C:\burger\system\Commands\Server\rewrite.php(43): require_once('C:\\burger\\publi...')
#5 {main}
CRITICAL - 2024-08-11 22:32:30 --> Call to a member function get() on null
#0 C:\burger\system\CodeIgniter.php(832): App\Controllers\Home->aksi_e_burger()
#1 C:\burger\system\CodeIgniter.php(419): CodeIgniter\CodeIgniter->runController(Object(App\Controllers\Home))
#2 C:\burger\system\CodeIgniter.php(326): CodeIgniter\CodeIgniter->handleRequest(NULL, Object(Config\Cache), false)
#3 C:\burger\public\index.php(37): CodeIgniter\CodeIgniter->run()
#4 C:\burger\system\Commands\Server\rewrite.php(43): require_once('C:\\burger\\publi...')
#5 {main}
CRITICAL - 2024-08-11 22:32:37 --> Call to a member function get() on null
#0 C:\burger\system\CodeIgniter.php(832): App\Controllers\Home->aksi_e_burger()
#1 C:\burger\system\CodeIgniter.php(419): CodeIgniter\CodeIgniter->runController(Object(App\Controllers\Home))
#2 C:\burger\system\CodeIgniter.php(326): CodeIgniter\CodeIgniter->handleRequest(NULL, Object(Config\Cache), false)
#3 C:\burger\public\index.php(37): CodeIgniter\CodeIgniter->run()
#4 C:\burger\system\Commands\Server\rewrite.php(43): require_once('C:\\burger\\publi...')
#5 {main}
CRITICAL - 2024-08-11 22:34:43 --> Cannot redeclare App\Controllers\Home::aksi_e_burger()
#0 [internal function]: CodeIgniter\Debug\Exceptions->shutdownHandler()
#1 {main}
CRITICAL - 2024-08-11 22:34:57 --> Call to a member function get() on null
#0 C:\burger\system\CodeIgniter.php(832): App\Controllers\Home->aksi_e_burger()
#1 C:\burger\system\CodeIgniter.php(419): CodeIgniter\CodeIgniter->runController(Object(App\Controllers\Home))
#2 C:\burger\system\CodeIgniter.php(326): CodeIgniter\CodeIgniter->handleRequest(NULL, Object(Config\Cache), false)
#3 C:\burger\public\index.php(37): CodeIgniter\CodeIgniter->run()
#4 C:\burger\system\Commands\Server\rewrite.php(43): require_once('C:\\burger\\publi...')
#5 {main}
CRITICAL - 2024-08-11 22:35:30 --> Call to a member function get() on null
#0 C:\burger\system\CodeIgniter.php(832): App\Controllers\Home->aksi_e_burger()
#1 C:\burger\system\CodeIgniter.php(419): CodeIgniter\CodeIgniter->runController(Object(App\Controllers\Home))
#2 C:\burger\system\CodeIgniter.php(326): CodeIgniter\CodeIgniter->handleRequest(NULL, Object(Config\Cache), false)
#3 C:\burger\public\index.php(37): CodeIgniter\CodeIgniter->run()
#4 C:\burger\system\Commands\Server\rewrite.php(43): require_once('C:\\burger\\publi...')
#5 {main}
ERROR - 2024-08-11 22:40:21 --> Unknown column 'history_edit.id_user' in 'on clause'
CRITICAL - 2024-08-11 22:40:21 --> Call to a member function getResultArray() on bool
#0 C:\burger\app\Controllers\Home.php(154): App\Models\M_burger->gethistoryedit()
#1 C:\burger\system\CodeIgniter.php(832): App\Controllers\Home->history_edit()
#2 C:\burger\system\CodeIgniter.php(419): CodeIgniter\CodeIgniter->runController(Object(App\Controllers\Home))
#3 C:\burger\system\CodeIgniter.php(326): CodeIgniter\CodeIgniter->handleRequest(NULL, Object(Config\Cache), false)
#4 C:\burger\public\index.php(37): CodeIgniter\CodeIgniter->run()
#5 C:\burger\system\Commands\Server\rewrite.php(43): require_once('C:\\burger\\publi...')
#6 {main}
ERROR - 2024-08-11 22:41:50 --> Unknown column 'history_edit.id_user' in 'on clause'
ERROR - 2024-08-11 22:41:50 --> Query Error: SELECT `user`.`username`, `history_edit`.`activity`, `history_edit`.`description`, `history_edit`.`timestamp`
FROM `history_edit`
LEFT JOIN `user` ON `history_edit`.`id_user` = `user`.`id_user`
ORDER BY `history_edit`.`timestamp` DESC
ERROR - 2024-08-11 22:42:14 --> Unknown column 'history_edit.id_user' in 'on clause'
ERROR - 2024-08-11 22:42:14 --> Query Error: SELECT `user`.`username`, `history_edit`.`activity`, `history_edit`.`description`, `history_edit`.`timestamp`
FROM `history_edit`
LEFT JOIN `user` ON `history_edit`.`id_user` = `user`.`id_user`
ORDER BY `history_edit`.`timestamp` DESC
ERROR - 2024-08-11 22:47:09 --> Unknown column 'history_edit.id_user' in 'on clause'
ERROR - 2024-08-11 22:47:09 --> Query Error: SELECT `user`.`username`, `history_edit`.`activity`, `history_edit`.`description`, `history_edit`.`timestamp`
FROM `history_edit`
LEFT JOIN `user` ON `history_edit`.`id_user` = `user`.`id_user`
ORDER BY `history_edit`.`timestamp` DESC
CRITICAL - 2024-08-11 22:47:16 --> Call to a member function get() on null
#0 C:\burger\system\CodeIgniter.php(832): App\Controllers\Home->aksi_e_burger()
#1 C:\burger\system\CodeIgniter.php(419): CodeIgniter\CodeIgniter->runController(Object(App\Controllers\Home))
#2 C:\burger\system\CodeIgniter.php(326): CodeIgniter\CodeIgniter->handleRequest(NULL, Object(Config\Cache), false)
#3 C:\burger\public\index.php(37): CodeIgniter\CodeIgniter->run()
#4 C:\burger\system\Commands\Server\rewrite.php(43): require_once('C:\\burger\\publi...')
#5 {main}
CRITICAL - 2024-08-11 22:47:40 --> Call to a member function get() on null
#0 C:\burger\system\CodeIgniter.php(832): App\Controllers\Home->aksi_e_burger()
#1 C:\burger\system\CodeIgniter.php(419): CodeIgniter\CodeIgniter->runController(Object(App\Controllers\Home))
#2 C:\burger\system\CodeIgniter.php(326): CodeIgniter\CodeIgniter->handleRequest(NULL, Object(Config\Cache), false)
#3 C:\burger\public\index.php(37): CodeIgniter\CodeIgniter->run()
#4 C:\burger\system\Commands\Server\rewrite.php(43): require_once('C:\\burger\\publi...')
#5 {main}
CRITICAL - 2024-08-11 22:47:53 --> Call to a member function get() on null
#0 C:\burger\system\CodeIgniter.php(832): App\Controllers\Home->aksi_e_burger()
#1 C:\burger\system\CodeIgniter.php(419): CodeIgniter\CodeIgniter->runController(Object(App\Controllers\Home))
#2 C:\burger\system\CodeIgniter.php(326): CodeIgniter\CodeIgniter->handleRequest(NULL, Object(Config\Cache), false)
#3 C:\burger\public\index.php(37): CodeIgniter\CodeIgniter->run()
#4 C:\burger\system\Commands\Server\rewrite.php(43): require_once('C:\\burger\\publi...')
#5 {main}
ERROR - 2024-08-11 22:48:34 --> Unknown column 'history_edit.id_user' in 'on clause'
ERROR - 2024-08-11 22:48:34 --> Query Error: SELECT `user`.`username`, `history_edit`.`activity`, `history_edit`.`description`, `history_edit`.`timestamp`
FROM `history_edit`
LEFT JOIN `user` ON `history_edit`.`id_user` = `user`.`id_user`
ORDER BY `history_edit`.`timestamp` DESC
ERROR - 2024-08-11 22:49:12 --> Unknown column 'history_edit.id_user' in 'on clause'
ERROR - 2024-08-11 22:49:12 --> Query Error: SELECT `user`.`username`, `history_edit`.`activity`, `history_edit`.`description`, `history_edit`.`timestamp`
FROM `history_edit`
LEFT JOIN `user` ON `history_edit`.`id_user` = `user`.`id_user`
ORDER BY `history_edit`.`timestamp` DESC
CRITICAL - 2024-08-11 22:49:20 --> Call to a member function get() on null
#0 C:\burger\system\CodeIgniter.php(832): App\Controllers\Home->aksi_e_burger()
#1 C:\burger\system\CodeIgniter.php(419): CodeIgniter\CodeIgniter->runController(Object(App\Controllers\Home))
#2 C:\burger\system\CodeIgniter.php(326): CodeIgniter\CodeIgniter->handleRequest(NULL, Object(Config\Cache), false)
#3 C:\burger\public\index.php(37): CodeIgniter\CodeIgniter->run()
#4 C:\burger\system\Commands\Server\rewrite.php(43): require_once('C:\\burger\\publi...')
#5 {main}
ERROR - 2024-08-11 22:52:05 --> Unknown column 'history_edit.id_user' in 'on clause'
ERROR - 2024-08-11 22:52:05 --> Query Error: SELECT `user`.`username`, `history_edit`.`activity`, `history_edit`.`description`, `history_edit`.`timestamp`
FROM `history_edit`
LEFT JOIN `user` ON `history_edit`.`id_user` = `user`.`id_user`
ORDER BY `history_edit`.`timestamp` DESC
ERROR - 2024-08-11 22:52:07 --> Unknown column 'history_edit.id_user' in 'on clause'
ERROR - 2024-08-11 22:52:07 --> Query Error: SELECT `user`.`username`, `history_edit`.`activity`, `history_edit`.`description`, `history_edit`.`timestamp`
FROM `history_edit`
LEFT JOIN `user` ON `history_edit`.`id_user` = `user`.`id_user`
ORDER BY `history_edit`.`timestamp` DESC
ERROR - 2024-08-11 22:52:43 --> Unknown column 'history_edit.id_user' in 'on clause'
ERROR - 2024-08-11 22:52:43 --> Query Error: SELECT `user`.`username`, `history_edit`.`activity`, `history_edit`.`description`, `history_edit`.`timestamp`
FROM `history_edit`
LEFT JOIN `user` ON `history_edit`.`id_user` = `user`.`id_user`
ORDER BY `history_edit`.`timestamp` DESC
ERROR - 2024-08-11 22:52:55 --> Unknown column 'history_edit.id_user' in 'on clause'
ERROR - 2024-08-11 22:52:55 --> Query Error: SELECT `user`.`username`, `history_edit`.`activity`, `history_edit`.`description`, `history_edit`.`timestamp`
FROM `history_edit`
LEFT JOIN `user` ON `history_edit`.`id_user` = `user`.`id_user`
ORDER BY `history_edit`.`timestamp` DESC
ERROR - 2024-08-11 22:53:24 --> Unknown column 'history_edit.id_user' in 'on clause'
ERROR - 2024-08-11 22:53:24 --> Query Error: SELECT `user`.`username`, `history_edit`.`activity`, `history_edit`.`description`, `history_edit`.`timestamp`
FROM `history_edit`
LEFT JOIN `user` ON `history_edit`.`id_user` = `user`.`id_user`
ORDER BY `history_edit`.`timestamp` DESC
CRITICAL - 2024-08-11 22:53:32 --> Call to a member function get() on null
#0 C:\burger\system\CodeIgniter.php(832): App\Controllers\Home->aksi_e_burger()
#1 C:\burger\system\CodeIgniter.php(419): CodeIgniter\CodeIgniter->runController(Object(App\Controllers\Home))
#2 C:\burger\system\CodeIgniter.php(326): CodeIgniter\CodeIgniter->handleRequest(NULL, Object(Config\Cache), false)
#3 C:\burger\public\index.php(37): CodeIgniter\CodeIgniter->run()
#4 C:\burger\system\Commands\Server\rewrite.php(43): require_once('C:\\burger\\publi...')
#5 {main}
ERROR - 2024-08-11 23:10:56 --> Unknown column 'history_edit.id_user' in 'on clause'
ERROR - 2024-08-11 23:10:56 --> Query Error: SELECT `user`.`username`, `history_edit`.`activity`, `history_edit`.`description`, `history_edit`.`timestamp`
FROM `history_edit`
LEFT JOIN `user` ON `history_edit`.`id_user` = `user`.`id_user`
ORDER BY `history_edit`.`timestamp` DESC
ERROR - 2024-08-11 23:22:16 --> Unknown column 'foto' in 'field list'
ERROR - 2024-08-11 23:22:28 --> Unknown column 'foto' in 'field list'
ERROR - 2024-08-11 23:22:50 --> Unknown column 'foto' in 'field list'
ERROR - 2024-08-11 23:26:39 --> Unknown column 'foto' in 'field list'
ERROR - 2024-08-11 23:27:10 --> Unknown column 'foto' in 'field list'
ERROR - 2024-08-11 23:28:33 --> Unknown column 'foto' in 'field list'
ERROR - 2024-08-11 23:32:02 --> Unknown column 'foto' in 'field list'
ERROR - 2024-08-11 23:37:59 --> Unknown column 'foto' in 'field list'
ERROR - 2024-08-11 23:38:16 --> Unknown column 'foto' in 'field list'
ERROR - 2024-08-11 23:39:41 --> Unknown column 'foto' in 'field list'
ERROR - 2024-08-11 23:39:52 --> Unknown column 'foto' in 'field list'
ERROR - 2024-08-11 23:44:21 --> Unknown column 'foto' in 'field list'
ERROR - 2024-08-11 23:56:06 --> Unknown column 'foto' in 'field list'
ERROR - 2024-08-11 23:56:06 --> Failed to update record in makanan table.
ERROR - 2024-08-11 23:56:44 --> Unknown column 'foto' in 'field list'
ERROR - 2024-08-11 23:56:44 --> Failed to update record in makanan table.
