ERROR - 2024-08-10 00:00:44 --> Failed to log activity for user ID: 15
ERROR - 2024-08-10 00:30:45 --> Failed to log activity for user ID: 1
ERROR - 2024-08-10 00:37:29 --> Failed to log activity for user ID: 1
ERROR - 2024-08-10 00:37:56 --> Failed to log activity for user ID: 1
ERROR - 2024-08-10 00:42:17 --> Failed to log activity for user ID: 
CRITICAL - 2024-08-10 00:47:13 --> Call to undefined method App\Models\M_burger::getUserById
#0 C:\burger\app\Controllers\Home.php(957): CodeIgniter\Model->__call('getUserById', Array)
#1 C:\burger\system\CodeIgniter.php(832): App\Controllers\Home->aksi_e_profile()
#2 C:\burger\system\CodeIgniter.php(419): CodeIgniter\CodeIgniter->runController(Object(App\Controllers\Home))
#3 C:\burger\system\CodeIgniter.php(326): CodeIgniter\CodeIgniter->handleRequest(NULL, Object(Config\Cache), false)
#4 C:\burger\public\index.php(37): CodeIgniter\CodeIgniter->run()
#5 C:\burger\system\Commands\Server\rewrite.php(43): require_once('C:\\burger\\publi...')
#6 {main}
CRITICAL - 2024-08-10 00:49:58 --> syntax error, unexpected 'nama' (T_STRING), expecting ')'
#0 C:\burger\system\Router\Router.php(175): CodeIgniter\Router\Router->autoRoute('home/profile/12')
#1 C:\burger\system\CodeIgniter.php(726): CodeIgniter\Router\Router->handle('home/profile/12')
#2 C:\burger\system\CodeIgniter.php(368): CodeIgniter\CodeIgniter->tryToRouteIt(Object(CodeIgniter\Router\RouteCollection))
#3 C:\burger\system\CodeIgniter.php(326): CodeIgniter\CodeIgniter->handleRequest(NULL, Object(Config\Cache), false)
#4 C:\burger\public\index.php(37): CodeIgniter\CodeIgniter->run()
#5 C:\burger\system\Commands\Server\rewrite.php(43): require_once('C:\\burger\\publi...')
#6 {main}
ERROR - 2024-08-10 00:50:39 --> User not found with ID: 12
ERROR - 2024-08-10 00:50:47 --> User not found with ID: 12
ERROR - 2024-08-10 00:52:21 --> User not found with ID: 12
CRITICAL - 2024-08-10 22:09:40 --> Cannot redeclare App\Models\M_burger::editUser()
#0 [internal function]: CodeIgniter\Debug\Exceptions->shutdownHandler()
#1 {main}
CRITICAL - 2024-08-10 22:11:11 --> Call to a member function userdata() on null
#0 C:\burger\system\CodeIgniter.php(832): App\Controllers\Home->aksi_e_burger()
#1 C:\burger\system\CodeIgniter.php(419): CodeIgniter\CodeIgniter->runController(Object(App\Controllers\Home))
#2 C:\burger\system\CodeIgniter.php(326): CodeIgniter\CodeIgniter->handleRequest(NULL, Object(Config\Cache), false)
#3 C:\burger\public\index.php(37): CodeIgniter\CodeIgniter->run()
#4 C:\burger\system\Commands\Server\rewrite.php(43): require_once('C:\\burger\\publi...')
#5 {main}
CRITICAL - 2024-08-10 22:11:39 --> Call to a member function userdata() on null
#0 C:\burger\system\CodeIgniter.php(832): App\Controllers\Home->aksi_e_burger()
#1 C:\burger\system\CodeIgniter.php(419): CodeIgniter\CodeIgniter->runController(Object(App\Controllers\Home))
#2 C:\burger\system\CodeIgniter.php(326): CodeIgniter\CodeIgniter->handleRequest(NULL, Object(Config\Cache), false)
#3 C:\burger\public\index.php(37): CodeIgniter\CodeIgniter->run()
#4 C:\burger\system\Commands\Server\rewrite.php(43): require_once('C:\\burger\\publi...')
#5 {main}
CRITICAL - 2024-08-10 22:11:47 --> Call to a member function userdata() on null
#0 C:\burger\system\CodeIgniter.php(832): App\Controllers\Home->aksi_e_burger()
#1 C:\burger\system\CodeIgniter.php(419): CodeIgniter\CodeIgniter->runController(Object(App\Controllers\Home))
#2 C:\burger\system\CodeIgniter.php(326): CodeIgniter\CodeIgniter->handleRequest(NULL, Object(Config\Cache), false)
#3 C:\burger\public\index.php(37): CodeIgniter\CodeIgniter->run()
#4 C:\burger\system\Commands\Server\rewrite.php(43): require_once('C:\\burger\\publi...')
#5 {main}
CRITICAL - 2024-08-10 22:12:51 --> Call to a member function has() on null
#0 C:\burger\system\CodeIgniter.php(832): App\Controllers\Home->aksi_e_burger()
#1 C:\burger\system\CodeIgniter.php(419): CodeIgniter\CodeIgniter->runController(Object(App\Controllers\Home))
#2 C:\burger\system\CodeIgniter.php(326): CodeIgniter\CodeIgniter->handleRequest(NULL, Object(Config\Cache), false)
#3 C:\burger\public\index.php(37): CodeIgniter\CodeIgniter->run()
#4 C:\burger\system\Commands\Server\rewrite.php(43): require_once('C:\\burger\\publi...')
#5 {main}
CRITICAL - 2024-08-10 22:13:13 --> Call to a member function has() on null
#0 C:\burger\system\CodeIgniter.php(832): App\Controllers\Home->aksi_e_burger()
#1 C:\burger\system\CodeIgniter.php(419): CodeIgniter\CodeIgniter->runController(Object(App\Controllers\Home))
#2 C:\burger\system\CodeIgniter.php(326): CodeIgniter\CodeIgniter->handleRequest(NULL, Object(Config\Cache), false)
#3 C:\burger\public\index.php(37): CodeIgniter\CodeIgniter->run()
#4 C:\burger\system\Commands\Server\rewrite.php(43): require_once('C:\\burger\\publi...')
#5 {main}
CRITICAL - 2024-08-10 22:13:43 --> Call to a member function has() on null
#0 C:\burger\system\CodeIgniter.php(832): App\Controllers\Home->aksi_e_burger()
#1 C:\burger\system\CodeIgniter.php(419): CodeIgniter\CodeIgniter->runController(Object(App\Controllers\Home))
#2 C:\burger\system\CodeIgniter.php(326): CodeIgniter\CodeIgniter->handleRequest(NULL, Object(Config\Cache), false)
#3 C:\burger\public\index.php(37): CodeIgniter\CodeIgniter->run()
#4 C:\burger\system\Commands\Server\rewrite.php(43): require_once('C:\\burger\\publi...')
#5 {main}
CRITICAL - 2024-08-10 22:18:09 --> Call to a member function has() on null
#0 C:\burger\system\CodeIgniter.php(832): App\Controllers\Home->aksi_e_burger()
#1 C:\burger\system\CodeIgniter.php(419): CodeIgniter\CodeIgniter->runController(Object(App\Controllers\Home))
#2 C:\burger\system\CodeIgniter.php(326): CodeIgniter\CodeIgniter->handleRequest(NULL, Object(Config\Cache), false)
#3 C:\burger\public\index.php(37): CodeIgniter\CodeIgniter->run()
#4 C:\burger\system\Commands\Server\rewrite.php(43): require_once('C:\\burger\\publi...')
#5 {main}
CRITICAL - 2024-08-10 22:18:18 --> Call to a member function has() on null
#0 C:\burger\system\CodeIgniter.php(832): App\Controllers\Home->aksi_e_burger()
#1 C:\burger\system\CodeIgniter.php(419): CodeIgniter\CodeIgniter->runController(Object(App\Controllers\Home))
#2 C:\burger\system\CodeIgniter.php(326): CodeIgniter\CodeIgniter->handleRequest(NULL, Object(Config\Cache), false)
#3 C:\burger\public\index.php(37): CodeIgniter\CodeIgniter->run()
#4 C:\burger\system\Commands\Server\rewrite.php(43): require_once('C:\\burger\\publi...')
#5 {main}
CRITICAL - 2024-08-10 22:18:47 --> Call to a member function userdata() on null
#0 C:\burger\system\CodeIgniter.php(832): App\Controllers\Home->aksi_e_burger()
#1 C:\burger\system\CodeIgniter.php(419): CodeIgniter\CodeIgniter->runController(Object(App\Controllers\Home))
#2 C:\burger\system\CodeIgniter.php(326): CodeIgniter\CodeIgniter->handleRequest(NULL, Object(Config\Cache), false)
#3 C:\burger\public\index.php(37): CodeIgniter\CodeIgniter->run()
#4 C:\burger\system\Commands\Server\rewrite.php(43): require_once('C:\\burger\\publi...')
#5 {main}
CRITICAL - 2024-08-10 22:18:55 --> Call to a member function userdata() on null
#0 C:\burger\system\CodeIgniter.php(832): App\Controllers\Home->aksi_e_burger()
#1 C:\burger\system\CodeIgniter.php(419): CodeIgniter\CodeIgniter->runController(Object(App\Controllers\Home))
#2 C:\burger\system\CodeIgniter.php(326): CodeIgniter\CodeIgniter->handleRequest(NULL, Object(Config\Cache), false)
#3 C:\burger\public\index.php(37): CodeIgniter\CodeIgniter->run()
#4 C:\burger\system\Commands\Server\rewrite.php(43): require_once('C:\\burger\\publi...')
#5 {main}
CRITICAL - 2024-08-10 22:54:14 --> Cannot redeclare App\Models\M_burger::edit()
#0 [internal function]: CodeIgniter\Debug\Exceptions->shutdownHandler()
#1 {main}
