ERROR - 2024-08-09 01:02:06 --> Table 'burger1.users' doesn't exist
CRITICAL - 2024-08-09 01:02:06 --> Call to a member function getResultArray() on bool
#0 C:\burger\app\Controllers\Home.php(131): App\Models\M_burger->getActivityLogs()
#1 C:\burger\system\CodeIgniter.php(832): App\Controllers\Home->activity_log()
#2 C:\burger\system\CodeIgniter.php(419): CodeIgniter\CodeIgniter->runController(Object(App\Controllers\Home))
#3 C:\burger\system\CodeIgniter.php(326): CodeIgniter\CodeIgniter->handleRequest(NULL, Object(Config\Cache), false)
#4 C:\burger\public\index.php(37): CodeIgniter\CodeIgniter->run()
#5 C:\burger\system\Commands\Server\rewrite.php(43): require_once('C:\\burger\\publi...')
#6 {main}
CRITICAL - 2024-08-09 01:05:36 --> Argument 2 passed to view() must be of the type array, null given, called in C:\burger\app\Controllers\Home.php on line 133
#0 C:\burger\app\Controllers\Home.php(133): view('menu', NULL)
#1 C:\burger\system\CodeIgniter.php(832): App\Controllers\Home->activity_log()
#2 C:\burger\system\CodeIgniter.php(419): CodeIgniter\CodeIgniter->runController(Object(App\Controllers\Home))
#3 C:\burger\system\CodeIgniter.php(326): CodeIgniter\CodeIgniter->handleRequest(NULL, Object(Config\Cache), false)
#4 C:\burger\public\index.php(37): CodeIgniter\CodeIgniter->run()
#5 C:\burger\system\Commands\Server\rewrite.php(43): require_once('C:\\burger\\publi...')
#6 {main}
CRITICAL - 2024-08-09 01:06:26 --> Call to undefined method App\Models\M_burger::logActivity
#0 C:\burger\app\Controllers\Home.php(504): CodeIgniter\Model->__call('logActivity', Array)
#1 C:\burger\system\CodeIgniter.php(832): App\Controllers\Home->aksi_bayar()
#2 C:\burger\system\CodeIgniter.php(419): CodeIgniter\CodeIgniter->runController(Object(App\Controllers\Home))
#3 C:\burger\system\CodeIgniter.php(326): CodeIgniter\CodeIgniter->handleRequest(NULL, Object(Config\Cache), false)
#4 C:\burger\public\index.php(37): CodeIgniter\CodeIgniter->run()
#5 C:\burger\system\Commands\Server\rewrite.php(43): require_once('C:\\burger\\publi...')
#6 {main}
CRITICAL - 2024-08-09 01:11:12 --> Call to undefined method App\Models\M_burger::logActivity
#0 C:\burger\app\Controllers\Home.php(504): CodeIgniter\Model->__call('logActivity', Array)
#1 C:\burger\system\CodeIgniter.php(832): App\Controllers\Home->aksi_bayar()
#2 C:\burger\system\CodeIgniter.php(419): CodeIgniter\CodeIgniter->runController(Object(App\Controllers\Home))
#3 C:\burger\system\CodeIgniter.php(326): CodeIgniter\CodeIgniter->handleRequest(NULL, Object(Config\Cache), false)
#4 C:\burger\public\index.php(37): CodeIgniter\CodeIgniter->run()
#5 C:\burger\system\Commands\Server\rewrite.php(43): require_once('C:\\burger\\publi...')
#6 {main}
ERROR - 2024-08-09 01:13:25 --> Table 'burger1.users' doesn't exist
ERROR - 2024-08-09 01:13:25 --> Query failed: {"code":1146,"message":"Table 'burger1.users' doesn't exist"}
ERROR - 2024-08-09 01:14:48 --> Table 'burger1.users' doesn't exist
ERROR - 2024-08-09 01:14:48 --> Query failed: {"code":1146,"message":"Table 'burger1.users' doesn't exist"}
ERROR - 2024-08-09 01:15:07 --> Table 'burger1.users' doesn't exist
ERROR - 2024-08-09 01:15:07 --> Query failed: {"code":1146,"message":"Table 'burger1.users' doesn't exist"}
ERROR - 2024-08-09 01:15:44 --> Table 'burger1.users' doesn't exist
ERROR - 2024-08-09 01:15:44 --> Query failed: {"code":1146,"message":"Table 'burger1.users' doesn't exist"}
ERROR - 2024-08-09 01:18:42 --> Table 'burger1.users' doesn't exist
ERROR - 2024-08-09 01:18:42 --> Query failed: {"code":1146,"message":"Table 'burger1.users' doesn't exist"}
ERROR - 2024-08-09 01:19:31 --> Table 'burger1.users' doesn't exist
ERROR - 2024-08-09 01:19:31 --> Query failed: {"code":1146,"message":"Table 'burger1.users' doesn't exist"}
ERROR - 2024-08-09 01:22:32 --> Table 'burger1.users' doesn't exist
ERROR - 2024-08-09 01:22:32 --> Query failed: {"code":1146,"message":"Table 'burger1.users' doesn't exist"}
ERROR - 2024-08-09 01:23:14 --> Table 'burger1.users' doesn't exist
ERROR - 2024-08-09 01:23:14 --> Query failed: {"code":1146,"message":"Table 'burger1.users' doesn't exist"}
ERROR - 2024-08-09 01:33:28 --> Table 'burger1.users' doesn't exist
CRITICAL - 2024-08-09 01:33:28 --> Call to a member function getResultArray() on bool
#0 C:\burger\app\Controllers\Home.php(131): App\Models\M_burger->getActivityLogs()
#1 C:\burger\system\CodeIgniter.php(832): App\Controllers\Home->activity_log()
#2 C:\burger\system\CodeIgniter.php(419): CodeIgniter\CodeIgniter->runController(Object(App\Controllers\Home))
#3 C:\burger\system\CodeIgniter.php(326): CodeIgniter\CodeIgniter->handleRequest(NULL, Object(Config\Cache), false)
#4 C:\burger\public\index.php(37): CodeIgniter\CodeIgniter->run()
#5 C:\burger\system\Commands\Server\rewrite.php(43): require_once('C:\\burger\\publi...')
#6 {main}
ERROR - 2024-08-09 01:34:12 --> Unknown column 'user.id' in 'on clause'
CRITICAL - 2024-08-09 01:34:12 --> Call to a member function getResultArray() on bool
#0 C:\burger\app\Controllers\Home.php(131): App\Models\M_burger->getActivityLogs()
#1 C:\burger\system\CodeIgniter.php(832): App\Controllers\Home->activity_log()
#2 C:\burger\system\CodeIgniter.php(419): CodeIgniter\CodeIgniter->runController(Object(App\Controllers\Home))
#3 C:\burger\system\CodeIgniter.php(326): CodeIgniter\CodeIgniter->handleRequest(NULL, Object(Config\Cache), false)
#4 C:\burger\public\index.php(37): CodeIgniter\CodeIgniter->run()
#5 C:\burger\system\Commands\Server\rewrite.php(43): require_once('C:\\burger\\publi...')
#6 {main}
CRITICAL - 2024-08-09 02:34:58 --> Cannot use object of type stdClass as array
#0 C:\burger\system\View\View.php(210): include()
#1 C:\burger\system\View\View.php(213): CodeIgniter\View\View->CodeIgniter\View\{closure}()
#2 C:\burger\system\Common.php(1089): CodeIgniter\View\View->render('profile', Array, true)
#3 C:\burger\app\Controllers\Home.php(932): view('profile', Array)
#4 C:\burger\system\CodeIgniter.php(832): App\Controllers\Home->profile('12')
#5 C:\burger\system\CodeIgniter.php(419): CodeIgniter\CodeIgniter->runController(Object(App\Controllers\Home))
#6 C:\burger\system\CodeIgniter.php(326): CodeIgniter\CodeIgniter->handleRequest(NULL, Object(Config\Cache), false)
#7 C:\burger\public\index.php(37): CodeIgniter\CodeIgniter->run()
#8 C:\burger\system\Commands\Server\rewrite.php(43): require_once('C:\\burger\\publi...')
#9 {main}
CRITICAL - 2024-08-09 03:03:28 --> Invalid argument supplied for foreach()
#0 C:\burger\app\Views\profile.php(137): CodeIgniter\Debug\Exceptions->errorHandler(2, 'Invalid argumen...', 'C:\\burger\\app\\V...', 137, Array)
#1 C:\burger\system\View\View.php(210): include('C:\\burger\\app\\V...')
#2 C:\burger\system\View\View.php(213): CodeIgniter\View\View->CodeIgniter\View\{closure}()
#3 C:\burger\system\Common.php(1089): CodeIgniter\View\View->render('profile', Array, true)
#4 C:\burger\app\Controllers\Home.php(932): view('profile', Array)
#5 C:\burger\system\CodeIgniter.php(832): App\Controllers\Home->profile('12')
#6 C:\burger\system\CodeIgniter.php(419): CodeIgniter\CodeIgniter->runController(Object(App\Controllers\Home))
#7 C:\burger\system\CodeIgniter.php(326): CodeIgniter\CodeIgniter->handleRequest(NULL, Object(Config\Cache), false)
#8 C:\burger\public\index.php(37): CodeIgniter\CodeIgniter->run()
#9 C:\burger\system\Commands\Server\rewrite.php(43): require_once('C:\\burger\\publi...')
#10 {main}
CRITICAL - 2024-08-09 23:14:35 --> Call to a member function getName() on null
#0 C:\burger\system\CodeIgniter.php(832): App\Controllers\Home->aksi_e_profile()
#1 C:\burger\system\CodeIgniter.php(419): CodeIgniter\CodeIgniter->runController(Object(App\Controllers\Home))
#2 C:\burger\system\CodeIgniter.php(326): CodeIgniter\CodeIgniter->handleRequest(NULL, Object(Config\Cache), false)
#3 C:\burger\public\index.php(37): CodeIgniter\CodeIgniter->run()
#4 C:\burger\system\Commands\Server\rewrite.php(43): require_once('C:\\burger\\publi...')
#5 {main}
CRITICAL - 2024-08-09 23:15:44 --> Call to a member function getName() on null
#0 C:\burger\system\CodeIgniter.php(832): App\Controllers\Home->aksi_e_profile()
#1 C:\burger\system\CodeIgniter.php(419): CodeIgniter\CodeIgniter->runController(Object(App\Controllers\Home))
#2 C:\burger\system\CodeIgniter.php(326): CodeIgniter\CodeIgniter->handleRequest(NULL, Object(Config\Cache), false)
#3 C:\burger\public\index.php(37): CodeIgniter\CodeIgniter->run()
#4 C:\burger\system\Commands\Server\rewrite.php(43): require_once('C:\\burger\\publi...')
#5 {main}
CRITICAL - 2024-08-09 23:16:57 --> Call to a member function getName() on null
#0 C:\burger\system\CodeIgniter.php(832): App\Controllers\Home->aksi_e_profile()
#1 C:\burger\system\CodeIgniter.php(419): CodeIgniter\CodeIgniter->runController(Object(App\Controllers\Home))
#2 C:\burger\system\CodeIgniter.php(326): CodeIgniter\CodeIgniter->handleRequest(NULL, Object(Config\Cache), false)
#3 C:\burger\public\index.php(37): CodeIgniter\CodeIgniter->run()
#4 C:\burger\system\Commands\Server\rewrite.php(43): require_once('C:\\burger\\publi...')
#5 {main}
CRITICAL - 2024-08-09 23:17:24 --> Call to a member function getName() on null
#0 C:\burger\system\CodeIgniter.php(832): App\Controllers\Home->aksi_e_profile()
#1 C:\burger\system\CodeIgniter.php(419): CodeIgniter\CodeIgniter->runController(Object(App\Controllers\Home))
#2 C:\burger\system\CodeIgniter.php(326): CodeIgniter\CodeIgniter->handleRequest(NULL, Object(Config\Cache), false)
#3 C:\burger\public\index.php(37): CodeIgniter\CodeIgniter->run()
#4 C:\burger\system\Commands\Server\rewrite.php(43): require_once('C:\\burger\\publi...')
#5 {main}
CRITICAL - 2024-08-09 23:21:02 --> Call to a member function getName() on null
#0 C:\burger\system\CodeIgniter.php(832): App\Controllers\Home->aksi_e_profile()
#1 C:\burger\system\CodeIgniter.php(419): CodeIgniter\CodeIgniter->runController(Object(App\Controllers\Home))
#2 C:\burger\system\CodeIgniter.php(326): CodeIgniter\CodeIgniter->handleRequest(NULL, Object(Config\Cache), false)
#3 C:\burger\public\index.php(37): CodeIgniter\CodeIgniter->run()
#4 C:\burger\system\Commands\Server\rewrite.php(43): require_once('C:\\burger\\publi...')
#5 {main}
CRITICAL - 2024-08-09 23:24:17 --> Call to undefined method App\Controllers\Home::logActivity()
#0 C:\burger\system\CodeIgniter.php(832): App\Controllers\Home->aksi_e_profile()
#1 C:\burger\system\CodeIgniter.php(419): CodeIgniter\CodeIgniter->runController(Object(App\Controllers\Home))
#2 C:\burger\system\CodeIgniter.php(326): CodeIgniter\CodeIgniter->handleRequest(NULL, Object(Config\Cache), false)
#3 C:\burger\public\index.php(37): CodeIgniter\CodeIgniter->run()
#4 C:\burger\system\Commands\Server\rewrite.php(43): require_once('C:\\burger\\publi...')
#5 {main}
CRITICAL - 2024-08-09 23:25:27 --> Call to undefined method App\Controllers\Home::logActivity()
#0 C:\burger\system\CodeIgniter.php(832): App\Controllers\Home->aksi_e_profile()
#1 C:\burger\system\CodeIgniter.php(419): CodeIgniter\CodeIgniter->runController(Object(App\Controllers\Home))
#2 C:\burger\system\CodeIgniter.php(326): CodeIgniter\CodeIgniter->handleRequest(NULL, Object(Config\Cache), false)
#3 C:\burger\public\index.php(37): CodeIgniter\CodeIgniter->run()
#4 C:\burger\system\Commands\Server\rewrite.php(43): require_once('C:\\burger\\publi...')
#5 {main}
CRITICAL - 2024-08-09 23:25:54 --> Call to undefined method App\Controllers\Home::logActivity()
#0 C:\burger\system\CodeIgniter.php(832): App\Controllers\Home->aksi_e_profile()
#1 C:\burger\system\CodeIgniter.php(419): CodeIgniter\CodeIgniter->runController(Object(App\Controllers\Home))
#2 C:\burger\system\CodeIgniter.php(326): CodeIgniter\CodeIgniter->handleRequest(NULL, Object(Config\Cache), false)
#3 C:\burger\public\index.php(37): CodeIgniter\CodeIgniter->run()
#4 C:\burger\system\Commands\Server\rewrite.php(43): require_once('C:\\burger\\publi...')
#5 {main}
CRITICAL - 2024-08-09 23:28:42 --> Call to undefined method App\Controllers\Home::logActivity()
#0 C:\burger\system\CodeIgniter.php(832): App\Controllers\Home->aksi_e_profile()
#1 C:\burger\system\CodeIgniter.php(419): CodeIgniter\CodeIgniter->runController(Object(App\Controllers\Home))
#2 C:\burger\system\CodeIgniter.php(326): CodeIgniter\CodeIgniter->handleRequest(NULL, Object(Config\Cache), false)
#3 C:\burger\public\index.php(37): CodeIgniter\CodeIgniter->run()
#4 C:\burger\system\Commands\Server\rewrite.php(43): require_once('C:\\burger\\publi...')
#5 {main}
CRITICAL - 2024-08-09 23:31:16 --> The original file is not a valid file.
#0 C:\burger\system\HTTP\Files\UploadedFile.php(137): CodeIgniter\HTTP\Exceptions\HTTPException::forInvalidFile()
#1 C:\burger\app\Models\M_burger.php(78): CodeIgniter\HTTP\Files\UploadedFile->move('C:\\burger\\publi...', '')
#2 C:\burger\app\Controllers\Home.php(955): App\Models\M_burger->upload(Object(CodeIgniter\HTTP\Files\UploadedFile))
#3 C:\burger\system\CodeIgniter.php(832): App\Controllers\Home->aksi_e_profile()
#4 C:\burger\system\CodeIgniter.php(419): CodeIgniter\CodeIgniter->runController(Object(App\Controllers\Home))
#5 C:\burger\system\CodeIgniter.php(326): CodeIgniter\CodeIgniter->handleRequest(NULL, Object(Config\Cache), false)
#6 C:\burger\public\index.php(37): CodeIgniter\CodeIgniter->run()
#7 C:\burger\system\Commands\Server\rewrite.php(43): require_once('C:\\burger\\publi...')
#8 {main}
CRITICAL - 2024-08-09 23:34:06 --> The original file is not a valid file.
#0 C:\burger\system\HTTP\Files\UploadedFile.php(137): CodeIgniter\HTTP\Exceptions\HTTPException::forInvalidFile()
#1 C:\burger\app\Models\M_burger.php(78): CodeIgniter\HTTP\Files\UploadedFile->move('C:\\burger\\publi...', '')
#2 C:\burger\app\Controllers\Home.php(955): App\Models\M_burger->upload(Object(CodeIgniter\HTTP\Files\UploadedFile))
#3 C:\burger\system\CodeIgniter.php(832): App\Controllers\Home->aksi_e_profile()
#4 C:\burger\system\CodeIgniter.php(419): CodeIgniter\CodeIgniter->runController(Object(App\Controllers\Home))
#5 C:\burger\system\CodeIgniter.php(326): CodeIgniter\CodeIgniter->handleRequest(NULL, Object(Config\Cache), false)
#6 C:\burger\public\index.php(37): CodeIgniter\CodeIgniter->run()
#7 C:\burger\system\Commands\Server\rewrite.php(43): require_once('C:\\burger\\publi...')
#8 {main}
CRITICAL - 2024-08-09 23:39:31 --> Call to a member function getName() on null
#0 C:\burger\system\CodeIgniter.php(832): App\Controllers\Home->aksi_e_profile()
#1 C:\burger\system\CodeIgniter.php(419): CodeIgniter\CodeIgniter->runController(Object(App\Controllers\Home))
#2 C:\burger\system\CodeIgniter.php(326): CodeIgniter\CodeIgniter->handleRequest(NULL, Object(Config\Cache), false)
#3 C:\burger\public\index.php(37): CodeIgniter\CodeIgniter->run()
#4 C:\burger\system\Commands\Server\rewrite.php(43): require_once('C:\\burger\\publi...')
#5 {main}
CRITICAL - 2024-08-09 23:40:04 --> Call to a member function isValid() on null
#0 C:\burger\system\CodeIgniter.php(832): App\Controllers\Home->aksi_e_profile()
#1 C:\burger\system\CodeIgniter.php(419): CodeIgniter\CodeIgniter->runController(Object(App\Controllers\Home))
#2 C:\burger\system\CodeIgniter.php(326): CodeIgniter\CodeIgniter->handleRequest(NULL, Object(Config\Cache), false)
#3 C:\burger\public\index.php(37): CodeIgniter\CodeIgniter->run()
#4 C:\burger\system\Commands\Server\rewrite.php(43): require_once('C:\\burger\\publi...')
#5 {main}
CRITICAL - 2024-08-09 23:40:28 --> Call to a member function getName() on null
#0 C:\burger\system\CodeIgniter.php(832): App\Controllers\Home->aksi_e_profile()
#1 C:\burger\system\CodeIgniter.php(419): CodeIgniter\CodeIgniter->runController(Object(App\Controllers\Home))
#2 C:\burger\system\CodeIgniter.php(326): CodeIgniter\CodeIgniter->handleRequest(NULL, Object(Config\Cache), false)
#3 C:\burger\public\index.php(37): CodeIgniter\CodeIgniter->run()
#4 C:\burger\system\Commands\Server\rewrite.php(43): require_once('C:\\burger\\publi...')
#5 {main}
