CRITICAL - 2025-01-06 23:46:34 --> Invalid argument supplied for foreach()
#0 C:\sharin\app\Views\beranda.php(87): CodeIgniter\Debug\Exceptions->errorHandler(2, 'Invalid argumen...', 'C:\\sharin\\app\\V...', 87, Array)
#1 C:\sharin\system\View\View.php(210): include('C:\\sharin\\app\\V...')
#2 C:\sharin\system\View\View.php(213): CodeIgniter\View\View->CodeIgniter\View\{closure}()
#3 C:\sharin\system\Common.php(1089): CodeIgniter\View\View->render('beranda', Array, true)
#4 C:\sharin\app\Controllers\Home.php(45): view('beranda', Array)
#5 C:\sharin\system\CodeIgniter.php(832): App\Controllers\Home->beranda()
#6 C:\sharin\system\CodeIgniter.php(419): CodeIgniter\CodeIgniter->runController(Object(App\Controllers\Home))
#7 C:\sharin\system\CodeIgniter.php(326): CodeIgniter\CodeIgniter->handleRequest(NULL, Object(Config\Cache), false)
#8 C:\sharin\public\index.php(37): CodeIgniter\CodeIgniter->run()
#9 C:\sharin\system\Commands\Server\rewrite.php(43): require_once('C:\\sharin\\publi...')
#10 {main}
CRITICAL - 2025-01-06 23:47:05 --> Invalid argument supplied for foreach()
#0 C:\sharin\app\Views\beranda.php(87): CodeIgniter\Debug\Exceptions->errorHandler(2, 'Invalid argumen...', 'C:\\sharin\\app\\V...', 87, Array)
#1 C:\sharin\system\View\View.php(210): include('C:\\sharin\\app\\V...')
#2 C:\sharin\system\View\View.php(213): CodeIgniter\View\View->CodeIgniter\View\{closure}()
#3 C:\sharin\system\Common.php(1089): CodeIgniter\View\View->render('beranda', Array, true)
#4 C:\sharin\app\Controllers\Home.php(45): view('beranda', Array)
#5 C:\sharin\system\CodeIgniter.php(832): App\Controllers\Home->beranda()
#6 C:\sharin\system\CodeIgniter.php(419): CodeIgniter\CodeIgniter->runController(Object(App\Controllers\Home))
#7 C:\sharin\system\CodeIgniter.php(326): CodeIgniter\CodeIgniter->handleRequest(NULL, Object(Config\Cache), false)
#8 C:\sharin\public\index.php(37): CodeIgniter\CodeIgniter->run()
#9 C:\sharin\system\Commands\Server\rewrite.php(43): require_once('C:\\sharin\\publi...')
#10 {main}
CRITICAL - 2025-01-06 23:47:39 --> Invalid argument supplied for foreach()
#0 C:\sharin\app\Views\beranda.php(87): CodeIgniter\Debug\Exceptions->errorHandler(2, 'Invalid argumen...', 'C:\\sharin\\app\\V...', 87, Array)
#1 C:\sharin\system\View\View.php(210): include('C:\\sharin\\app\\V...')
#2 C:\sharin\system\View\View.php(213): CodeIgniter\View\View->CodeIgniter\View\{closure}()
#3 C:\sharin\system\Common.php(1089): CodeIgniter\View\View->render('beranda', Array, true)
#4 C:\sharin\app\Controllers\Home.php(45): view('beranda', Array)
#5 C:\sharin\system\CodeIgniter.php(832): App\Controllers\Home->beranda()
#6 C:\sharin\system\CodeIgniter.php(419): CodeIgniter\CodeIgniter->runController(Object(App\Controllers\Home))
#7 C:\sharin\system\CodeIgniter.php(326): CodeIgniter\CodeIgniter->handleRequest(NULL, Object(Config\Cache), false)
#8 C:\sharin\public\index.php(37): CodeIgniter\CodeIgniter->run()
#9 C:\sharin\system\Commands\Server\rewrite.php(43): require_once('C:\\sharin\\publi...')
#10 {main}
ERROR - 2025-01-06 23:49:44 --> Unknown column 'created_at' in 'order clause'
CRITICAL - 2025-01-06 23:49:44 --> Call to a member function getResultArray() on bool
#0 C:\sharin\app\Controllers\Home.php(44): App\Models\M_burger->getRecentNotifications()
#1 C:\sharin\system\CodeIgniter.php(832): App\Controllers\Home->beranda()
#2 C:\sharin\system\CodeIgniter.php(419): CodeIgniter\CodeIgniter->runController(Object(App\Controllers\Home))
#3 C:\sharin\system\CodeIgniter.php(326): CodeIgniter\CodeIgniter->handleRequest(NULL, Object(Config\Cache), false)
#4 C:\sharin\public\index.php(37): CodeIgniter\CodeIgniter->run()
#5 C:\sharin\system\Commands\Server\rewrite.php(43): require_once('C:\\sharin\\publi...')
#6 {main}
