CRITICAL - 2024-07-29 01:12:48 --> Undefined property: stdClass::$username
#0 C:\burger\app\Views\detail_burger.php(7): CodeIgniter\Debug\Exceptions->errorHandler(2, 'Undefined prope...', 'C:\\burger\\app\\V...', 7)
#1 C:\burger\system\View\View.php(210): include('C:\\burger\\app\\V...')
#2 C:\burger\system\View\View.php(213): CodeIgniter\View\View->CodeIgniter\View\{closure}()
#3 C:\burger\system\Common.php(1089): CodeIgniter\View\View->render('detail_burger', Array, true)
#4 C:\burger\app\Controllers\Home.php(289): view('detail_burger', Array)
#5 C:\burger\system\CodeIgniter.php(832): App\Controllers\Home->detail_burger('4')
#6 C:\burger\system\CodeIgniter.php(419): CodeIgniter\CodeIgniter->runController(Object(App\Controllers\Home))
#7 C:\burger\system\CodeIgniter.php(326): CodeIgniter\CodeIgniter->handleRequest(NULL, Object(Config\Cache), false)
#8 C:\burger\public\index.php(37): CodeIgniter\CodeIgniter->run()
#9 C:\burger\system\Commands\Server\rewrite.php(43): require_once('C:\\burger\\publi...')
#10 {main}
CRITICAL - 2024-07-29 23:24:53 --> Undefined property: App\Controllers\Home::$M_burger
#0 C:\burger\app\Controllers\Home.php(469): CodeIgniter\Debug\Exceptions->errorHandler(2, 'Undefined prope...', 'C:\\burger\\app\\C...', 469)
#1 C:\burger\system\CodeIgniter.php(832): App\Controllers\Home->aksi_form()
#2 C:\burger\system\CodeIgniter.php(419): CodeIgniter\CodeIgniter->runController(Object(App\Controllers\Home))
#3 C:\burger\system\CodeIgniter.php(326): CodeIgniter\CodeIgniter->handleRequest(NULL, Object(Config\Cache), false)
#4 C:\burger\public\index.php(37): CodeIgniter\CodeIgniter->run()
#5 C:\burger\system\Commands\Server\rewrite.php(43): require_once('C:\\burger\\publi...')
#6 {main}
ERROR - 2024-07-29 23:27:15 --> Table 'burger1.pembelian' doesn't exist
ERROR - 2024-07-29 23:27:15 --> Table 'burger1.detail_pembelian' doesn't exist
ERROR - 2024-07-29 23:28:16 --> Table 'burger1.pembelian' doesn't exist
ERROR - 2024-07-29 23:28:16 --> Table 'burger1.detail_pembelian' doesn't exist
ERROR - 2024-07-29 23:28:33 --> Table 'burger1.pembelian' doesn't exist
ERROR - 2024-07-29 23:28:33 --> Table 'burger1.detail_pembelian' doesn't exist
CRITICAL - 2024-07-29 23:56:31 --> Cannot redeclare App\Models\M_burger::getAllMenus()
#0 [internal function]: CodeIgniter\Debug\Exceptions->shutdownHandler()
#1 {main}
CRITICAL - 2024-07-29 23:56:59 --> Cannot redeclare App\Models\M_burger::getAllMenus()
#0 [internal function]: CodeIgniter\Debug\Exceptions->shutdownHandler()
#1 {main}
