ERROR - 2024-11-18 09:05:50 --> Table 'design.history_edit' doesn't exist
ERROR - 2024-11-18 09:05:50 --> Failed to insert history_edit data: Array
ERROR - 2024-11-18 09:37:05 --> Table 'design.history_edit' doesn't exist
ERROR - 2024-11-18 09:37:05 --> Failed to insert history_edit data: Array
ERROR - 2024-11-18 09:55:02 --> Table 'design.history_edit' doesn't exist
ERROR - 2024-11-18 09:55:02 --> Failed to insert history_edit data: Array
ERROR - 2024-11-18 11:33:56 --> Table 'design.history_edit' doesn't exist
ERROR - 2024-11-18 11:33:56 --> Failed to insert history_edit data: Array
ERROR - 2024-11-18 11:37:27 --> Table 'design.history_edit' doesn't exist
ERROR - 2024-11-18 11:37:27 --> Failed to insert history_edit data: Array
ERROR - 2024-11-18 11:42:00 --> Column 'user_id' cannot be null
ERROR - 2024-11-18 11:44:07 --> Table 'design.history_edit' doesn't exist
ERROR - 2024-11-18 11:44:07 --> Failed to insert history_edit data: Array
ERROR - 2024-11-18 11:45:41 --> Table 'design.history_edit' doesn't exist
ERROR - 2024-11-18 11:45:41 --> Failed to insert history_edit data: Array
ERROR - 2024-11-18 11:55:38 --> Table 'design.history_edit' doesn't exist
ERROR - 2024-11-18 11:55:38 --> Failed to insert history_edit data: Array
ERROR - 2024-11-18 11:59:46 --> Table 'design.history_edit' doesn't exist
ERROR - 2024-11-18 11:59:46 --> Failed to insert history_edit data: Array
ERROR - 2024-11-18 04:47:35 --> Error connecting to the database: No connection could be made because the target machine actively refused it.

CRITICAL - 2024-11-18 04:47:35 --> Unable to connect to the database.
Main connection [MySQLi]: No connection could be made because the target machine actively refused it.

#0 C:\allure\system\Database\BaseConnection.php(577): CodeIgniter\Database\BaseConnection->initialize()
#1 C:\allure\system\Database\BaseBuilder.php(1588): CodeIgniter\Database\BaseConnection->query('SELECT *\nFROM `...', Array, false)
#2 C:\allure\app\Models\M_burger.php(227): CodeIgniter\Database\BaseBuilder->getWhere(Array)
#3 C:\allure\app\Controllers\Home.php(81): App\Models\M_burger->getWhere('user', Array)
#4 C:\allure\system\CodeIgniter.php(832): App\Controllers\Home->aksi_login()
#5 C:\allure\system\CodeIgniter.php(419): CodeIgniter\CodeIgniter->runController(Object(App\Controllers\Home))
#6 C:\allure\system\CodeIgniter.php(326): CodeIgniter\CodeIgniter->handleRequest(NULL, Object(Config\Cache), false)
#7 C:\allure\public\index.php(37): CodeIgniter\CodeIgniter->run()
#8 C:\allure\system\Commands\Server\rewrite.php(43): require_once('C:\\allure\\publi...')
#9 {main}
ERROR - 2024-11-18 17:50:29 --> Table 'design.history_edit' doesn't exist
ERROR - 2024-11-18 17:50:29 --> Failed to insert history_edit data: Array
ERROR - 2024-11-18 17:52:52 --> Table 'design.history_edit' doesn't exist
ERROR - 2024-11-18 17:52:52 --> Failed to insert history_edit data: Array
CRITICAL - 2024-11-18 04:52:52 --> Too few arguments to function App\Controllers\Home::order(), 0 passed in C:\allure\system\CodeIgniter.php on line 832 and exactly 1 expected
#0 C:\allure\system\CodeIgniter.php(832): App\Controllers\Home->order()
#1 C:\allure\system\CodeIgniter.php(419): CodeIgniter\CodeIgniter->runController(Object(App\Controllers\Home))
#2 C:\allure\system\CodeIgniter.php(326): CodeIgniter\CodeIgniter->handleRequest(NULL, Object(Config\Cache), false)
#3 C:\allure\public\index.php(37): CodeIgniter\CodeIgniter->run()
#4 C:\allure\system\Commands\Server\rewrite.php(43): require_once('C:\\allure\\publi...')
#5 {main}
CRITICAL - 2024-11-18 05:06:18 --> Too few arguments to function App\Controllers\Home::order(), 0 passed in C:\allure\system\CodeIgniter.php on line 832 and exactly 1 expected
#0 C:\allure\system\CodeIgniter.php(832): App\Controllers\Home->order()
#1 C:\allure\system\CodeIgniter.php(419): CodeIgniter\CodeIgniter->runController(Object(App\Controllers\Home))
#2 C:\allure\system\CodeIgniter.php(326): CodeIgniter\CodeIgniter->handleRequest(NULL, Object(Config\Cache), false)
#3 C:\allure\public\index.php(37): CodeIgniter\CodeIgniter->run()
#4 C:\allure\system\Commands\Server\rewrite.php(43): require_once('C:\\allure\\publi...')
#5 {main}
ERROR - 2024-11-18 18:07:45 --> Table 'design.history_edit' doesn't exist
ERROR - 2024-11-18 18:07:45 --> Failed to insert history_edit data: Array
ERROR - 2024-11-18 18:28:45 --> Column 'user_id' cannot be null
ERROR - 2024-11-18 18:39:56 --> Table 'design.history_edit' doesn't exist
ERROR - 2024-11-18 18:39:56 --> Failed to insert history_edit data: Array
CRITICAL - 2024-11-18 05:39:56 --> Too few arguments to function App\Controllers\Home::order(), 0 passed in C:\allure\system\CodeIgniter.php on line 832 and exactly 1 expected
#0 C:\allure\system\CodeIgniter.php(832): App\Controllers\Home->order()
#1 C:\allure\system\CodeIgniter.php(419): CodeIgniter\CodeIgniter->runController(Object(App\Controllers\Home))
#2 C:\allure\system\CodeIgniter.php(326): CodeIgniter\CodeIgniter->handleRequest(NULL, Object(Config\Cache), false)
#3 C:\allure\public\index.php(37): CodeIgniter\CodeIgniter->run()
#4 C:\allure\system\Commands\Server\rewrite.php(43): require_once('C:\\allure\\publi...')
#5 {main}
ERROR - 2024-11-18 18:41:16 --> Table 'design.history_edit' doesn't exist
ERROR - 2024-11-18 18:41:16 --> Failed to insert history_edit data: Array
CRITICAL - 2024-11-18 05:41:42 --> syntax error, unexpected ')', expecting ';'
#0 C:\allure\system\Router\Router.php(175): CodeIgniter\Router\Router->autoRoute('home/order/1')
#1 C:\allure\system\CodeIgniter.php(726): CodeIgniter\Router\Router->handle('home/order/1')
#2 C:\allure\system\CodeIgniter.php(368): CodeIgniter\CodeIgniter->tryToRouteIt(Object(CodeIgniter\Router\RouteCollection))
#3 C:\allure\system\CodeIgniter.php(326): CodeIgniter\CodeIgniter->handleRequest(NULL, Object(Config\Cache), false)
#4 C:\allure\public\index.php(37): CodeIgniter\CodeIgniter->run()
#5 C:\allure\system\Commands\Server\rewrite.php(43): require_once('C:\\allure\\publi...')
#6 {main}
ERROR - 2024-11-18 18:42:14 --> Table 'design.history_edit' doesn't exist
ERROR - 2024-11-18 18:42:14 --> Failed to insert history_edit data: Array
CRITICAL - 2024-11-18 07:27:37 --> Too few arguments to function App\Models\M_burger::getWherejoin(), 6 passed in C:\allure\app\Controllers\Home.php on line 416 and exactly 8 expected
#0 C:\allure\app\Controllers\Home.php(416): App\Models\M_burger->getWherejoin('orders', 'user', 'orders.id_user ...', 'foto', 'orders.id_foto ...', Array)
#1 C:\allure\system\CodeIgniter.php(832): App\Controllers\Home->order('1')
#2 C:\allure\system\CodeIgniter.php(419): CodeIgniter\CodeIgniter->runController(Object(App\Controllers\Home))
#3 C:\allure\system\CodeIgniter.php(326): CodeIgniter\CodeIgniter->handleRequest(NULL, Object(Config\Cache), false)
#4 C:\allure\public\index.php(37): CodeIgniter\CodeIgniter->run()
#5 C:\allure\system\Commands\Server\rewrite.php(43): require_once('C:\\allure\\publi...')
#6 {main}
ERROR - 2024-11-18 20:56:12 --> Table 'design.history_edit' doesn't exist
ERROR - 2024-11-18 20:56:12 --> Failed to insert history_edit data: Array
ERROR - 2024-11-18 20:56:27 --> Table 'design.history_edit' doesn't exist
ERROR - 2024-11-18 20:56:27 --> Failed to insert history_edit data: Array
ERROR - 2024-11-18 20:57:36 --> Table 'design.history_edit' doesn't exist
ERROR - 2024-11-18 20:57:36 --> Failed to insert history_edit data: Array
ERROR - 2024-11-18 21:11:20 --> Table 'design.history_edit' doesn't exist
ERROR - 2024-11-18 21:11:20 --> Failed to insert history_edit data: Array
CRITICAL - 2024-11-18 08:35:19 --> syntax error, unexpected end of file
#0 C:\allure\system\View\View.php(213): CodeIgniter\View\View->CodeIgniter\View\{closure}()
#1 C:\allure\system\Common.php(1089): CodeIgniter\View\View->render('rak_surat', Array, true)
#2 C:\allure\app\Controllers\Home.php(282): view('rak_surat', Array)
#3 C:\allure\system\CodeIgniter.php(832): App\Controllers\Home->album()
#4 C:\allure\system\CodeIgniter.php(419): CodeIgniter\CodeIgniter->runController(Object(App\Controllers\Home))
#5 C:\allure\system\CodeIgniter.php(326): CodeIgniter\CodeIgniter->handleRequest(NULL, Object(Config\Cache), false)
#6 C:\allure\public\index.php(37): CodeIgniter\CodeIgniter->run()
#7 C:\allure\system\Commands\Server\rewrite.php(43): require_once('C:\\allure\\publi...')
#8 {main}
