ERROR - 2024-11-17 11:53:37 --> Table 'design.history_edit' doesn't exist
ERROR - 2024-11-17 11:53:37 --> Failed to insert history_edit data: Array
ERROR - 2024-11-17 11:58:25 --> Table 'design.history_edit' doesn't exist
ERROR - 2024-11-17 11:58:25 --> Failed to insert history_edit data: Array
ERROR - 2024-11-17 00:01:34 --> Unknown column 'orders.id_order' in 'on clause'
CRITICAL - 2024-11-17 00:01:34 --> Call to a member function getNumRows() on bool
#0 C:\allure\app\Controllers\Home.php(491): App\Models\M_burger->tampil_join4('pembayaran', 'user', 'foto', 'orders', 'pembayaran.id_o...', 'orders.id_user ...', 'orders.id_foto ...')
#1 C:\allure\system\CodeIgniter.php(832): App\Controllers\Home->orderadmin()
#2 C:\allure\system\CodeIgniter.php(419): CodeIgniter\CodeIgniter->runController(Object(App\Controllers\Home))
#3 C:\allure\system\CodeIgniter.php(326): CodeIgniter\CodeIgniter->handleRequest(NULL, Object(Config\Cache), false)
#4 C:\allure\public\index.php(37): CodeIgniter\CodeIgniter->run()
#5 C:\allure\system\Commands\Server\rewrite.php(43): require_once('C:\\allure\\publi...')
#6 {main}
ERROR - 2024-11-17 00:02:09 --> Unknown column 'orders.id_order' in 'on clause'
ERROR - 2024-11-17 00:02:31 --> Unknown column 'orders.id_order' in 'on clause'
ERROR - 2024-11-17 00:02:54 --> Unknown column 'orders.id_order' in 'on clause'
ERROR - 2024-11-17 00:03:07 --> Unknown column 'orders.id_order' in 'on clause'
CRITICAL - 2024-11-17 00:03:07 --> Call to a member function getResult() on bool
#0 C:\allure\app\Controllers\Home.php(491): App\Models\M_burger->tampil_join4('pembayaran', 'user', 'foto', 'orders', 'pembayaran.id_o...', 'orders.id_user ...', 'orders.id_foto ...')
#1 C:\allure\system\CodeIgniter.php(832): App\Controllers\Home->orderadmin()
#2 C:\allure\system\CodeIgniter.php(419): CodeIgniter\CodeIgniter->runController(Object(App\Controllers\Home))
#3 C:\allure\system\CodeIgniter.php(326): CodeIgniter\CodeIgniter->handleRequest(NULL, Object(Config\Cache), false)
#4 C:\allure\public\index.php(37): CodeIgniter\CodeIgniter->run()
#5 C:\allure\system\Commands\Server\rewrite.php(43): require_once('C:\\allure\\publi...')
#6 {main}
CRITICAL - 2024-11-17 00:19:21 --> Call to undefined method App\Models\M_burger::getData
#0 C:\allure\app\Controllers\Home.php(484): CodeIgniter\Model->__call('getData', Array)
#1 C:\allure\system\CodeIgniter.php(832): App\Controllers\Home->orderadmin()
#2 C:\allure\system\CodeIgniter.php(419): CodeIgniter\CodeIgniter->runController(Object(App\Controllers\Home))
#3 C:\allure\system\CodeIgniter.php(326): CodeIgniter\CodeIgniter->handleRequest(NULL, Object(Config\Cache), false)
#4 C:\allure\public\index.php(37): CodeIgniter\CodeIgniter->run()
#5 C:\allure\system\Commands\Server\rewrite.php(43): require_once('C:\\allure\\publi...')
#6 {main}
ERROR - 2024-11-17 00:19:29 --> Unknown column 'orders.id_order' in 'on clause'
CRITICAL - 2024-11-17 00:19:29 --> Call to a member function getResult() on bool
#0 C:\allure\app\Controllers\Home.php(491): App\Models\M_burger->tampil_join4('pembayaran', 'user', 'foto', 'orders', 'pembayaran.id_o...', 'orders.id_user ...', 'orders.id_foto ...')
#1 C:\allure\system\CodeIgniter.php(832): App\Controllers\Home->orderadmin()
#2 C:\allure\system\CodeIgniter.php(419): CodeIgniter\CodeIgniter->runController(Object(App\Controllers\Home))
#3 C:\allure\system\CodeIgniter.php(326): CodeIgniter\CodeIgniter->handleRequest(NULL, Object(Config\Cache), false)
#4 C:\allure\public\index.php(37): CodeIgniter\CodeIgniter->run()
#5 C:\allure\system\Commands\Server\rewrite.php(43): require_once('C:\\allure\\publi...')
#6 {main}
ERROR - 2024-11-17 00:22:20 --> Unknown column 'orders.id_order' in 'on clause'
ERROR - 2024-11-17 00:22:20 --> Query failed
CRITICAL - 2024-11-17 00:22:20 --> Call to a member function getResult() on bool
#0 C:\allure\app\Controllers\Home.php(491): App\Models\M_burger->tampil_join4('pembayaran', 'user', 'foto', 'orders', 'pembayaran.id_o...', 'orders.id_user ...', 'orders.id_foto ...')
#1 C:\allure\system\CodeIgniter.php(832): App\Controllers\Home->orderadmin()
#2 C:\allure\system\CodeIgniter.php(419): CodeIgniter\CodeIgniter->runController(Object(App\Controllers\Home))
#3 C:\allure\system\CodeIgniter.php(326): CodeIgniter\CodeIgniter->handleRequest(NULL, Object(Config\Cache), false)
#4 C:\allure\public\index.php(37): CodeIgniter\CodeIgniter->run()
#5 C:\allure\system\Commands\Server\rewrite.php(43): require_once('C:\\allure\\publi...')
#6 {main}
CRITICAL - 2024-11-17 00:38:09 --> Call to a member function tambah() on null
#0 C:\allure\system\CodeIgniter.php(832): App\Controllers\Home->t_order()
#1 C:\allure\system\CodeIgniter.php(419): CodeIgniter\CodeIgniter->runController(Object(App\Controllers\Home))
#2 C:\allure\system\CodeIgniter.php(326): CodeIgniter\CodeIgniter->handleRequest(NULL, Object(Config\Cache), false)
#3 C:\allure\public\index.php(37): CodeIgniter\CodeIgniter->run()
#4 C:\allure\system\Commands\Server\rewrite.php(43): require_once('C:\\allure\\publi...')
#5 {main}
CRITICAL - 2024-11-17 00:39:10 --> Call to a member function tambah() on null
#0 C:\allure\system\CodeIgniter.php(832): App\Controllers\Home->t_order()
#1 C:\allure\system\CodeIgniter.php(419): CodeIgniter\CodeIgniter->runController(Object(App\Controllers\Home))
#2 C:\allure\system\CodeIgniter.php(326): CodeIgniter\CodeIgniter->handleRequest(NULL, Object(Config\Cache), false)
#3 C:\allure\public\index.php(37): CodeIgniter\CodeIgniter->run()
#4 C:\allure\system\Commands\Server\rewrite.php(43): require_once('C:\\allure\\publi...')
#5 {main}
CRITICAL - 2024-11-17 00:39:24 --> Call to a member function tambah() on null
#0 C:\allure\system\CodeIgniter.php(832): App\Controllers\Home->t_order()
#1 C:\allure\system\CodeIgniter.php(419): CodeIgniter\CodeIgniter->runController(Object(App\Controllers\Home))
#2 C:\allure\system\CodeIgniter.php(326): CodeIgniter\CodeIgniter->handleRequest(NULL, Object(Config\Cache), false)
#3 C:\allure\public\index.php(37): CodeIgniter\CodeIgniter->run()
#4 C:\allure\system\Commands\Server\rewrite.php(43): require_once('C:\\allure\\publi...')
#5 {main}
CRITICAL - 2024-11-17 00:40:25 --> Call to a member function tambah() on null
#0 C:\allure\system\CodeIgniter.php(832): App\Controllers\Home->t_order()
#1 C:\allure\system\CodeIgniter.php(419): CodeIgniter\CodeIgniter->runController(Object(App\Controllers\Home))
#2 C:\allure\system\CodeIgniter.php(326): CodeIgniter\CodeIgniter->handleRequest(NULL, Object(Config\Cache), false)
#3 C:\allure\public\index.php(37): CodeIgniter\CodeIgniter->run()
#4 C:\allure\system\Commands\Server\rewrite.php(43): require_once('C:\\allure\\publi...')
#5 {main}
CRITICAL - 2024-11-17 00:44:42 --> Call to a member function tambah() on null
#0 C:\allure\system\CodeIgniter.php(832): App\Controllers\Home->t_order()
#1 C:\allure\system\CodeIgniter.php(419): CodeIgniter\CodeIgniter->runController(Object(App\Controllers\Home))
#2 C:\allure\system\CodeIgniter.php(326): CodeIgniter\CodeIgniter->handleRequest(NULL, Object(Config\Cache), false)
#3 C:\allure\public\index.php(37): CodeIgniter\CodeIgniter->run()
#4 C:\allure\system\Commands\Server\rewrite.php(43): require_once('C:\\allure\\publi...')
#5 {main}
ERROR - 2024-11-17 00:49:46 --> Unknown column 'pembayaran.id_pembayaran' in 'on clause'
ERROR - 2024-11-17 00:49:46 --> Query failed
CRITICAL - 2024-11-17 00:49:46 --> Call to a member function getResult() on bool
#0 C:\allure\app\Controllers\Home.php(495): App\Models\M_burger->tampil_join4('orders', 'user', 'foto', 'pembayaran', 'orders.id_pemba...', 'orders.id_user ...', 'orders.id_foto ...')
#1 C:\allure\system\CodeIgniter.php(832): App\Controllers\Home->orderadmin()
#2 C:\allure\system\CodeIgniter.php(419): CodeIgniter\CodeIgniter->runController(Object(App\Controllers\Home))
#3 C:\allure\system\CodeIgniter.php(326): CodeIgniter\CodeIgniter->handleRequest(NULL, Object(Config\Cache), false)
#4 C:\allure\public\index.php(37): CodeIgniter\CodeIgniter->run()
#5 C:\allure\system\Commands\Server\rewrite.php(43): require_once('C:\\allure\\publi...')
#6 {main}
ERROR - 2024-11-17 00:49:54 --> Unknown column 'pembayaran.id_pembayaran' in 'on clause'
CRITICAL - 2024-11-17 00:49:54 --> Call to a member function getResult() on bool
#0 C:\allure\app\Controllers\Home.php(495): App\Models\M_burger->tampil_join4('orders', 'user', 'foto', 'pembayaran', 'orders.id_pemba...', 'orders.id_user ...', 'orders.id_foto ...')
#1 C:\allure\system\CodeIgniter.php(832): App\Controllers\Home->orderadmin()
#2 C:\allure\system\CodeIgniter.php(419): CodeIgniter\CodeIgniter->runController(Object(App\Controllers\Home))
#3 C:\allure\system\CodeIgniter.php(326): CodeIgniter\CodeIgniter->handleRequest(NULL, Object(Config\Cache), false)
#4 C:\allure\public\index.php(37): CodeIgniter\CodeIgniter->run()
#5 C:\allure\system\Commands\Server\rewrite.php(43): require_once('C:\\allure\\publi...')
#6 {main}
ERROR - 2024-11-17 00:52:08 --> Unknown column 'pembayaran.id_pembayaran' in 'on clause'
ERROR - 2024-11-17 00:56:33 --> Unknown column 'pembayaran.id_pembayaran' in 'on clause'
CRITICAL - 2024-11-17 00:56:33 --> Call to a member function getResult() on bool
#0 C:\allure\app\Controllers\Home.php(495): App\Models\M_burger->tampil_join4('orders', 'user', 'foto', 'pembayaran', 'orders.id_pemba...', 'orders.id_user ...', 'orders.id_foto ...')
#1 C:\allure\system\CodeIgniter.php(832): App\Controllers\Home->orderadmin()
#2 C:\allure\system\CodeIgniter.php(419): CodeIgniter\CodeIgniter->runController(Object(App\Controllers\Home))
#3 C:\allure\system\CodeIgniter.php(326): CodeIgniter\CodeIgniter->handleRequest(NULL, Object(Config\Cache), false)
#4 C:\allure\public\index.php(37): CodeIgniter\CodeIgniter->run()
#5 C:\allure\system\Commands\Server\rewrite.php(43): require_once('C:\\allure\\publi...')
#6 {main}
ERROR - 2024-11-17 00:58:47 --> Unknown column 'pembayaran.id_pembayaran' in 'on clause'
CRITICAL - 2024-11-17 00:58:47 --> Call to a member function getResult() on bool
#0 C:\allure\app\Controllers\Home.php(495): App\Models\M_burger->tampil_join4('orders', 'user', 'foto', 'pembayaran', 'orders.id_pemba...', 'orders.id_user ...', 'orders.id_foto ...')
#1 C:\allure\system\CodeIgniter.php(832): App\Controllers\Home->orderadmin()
#2 C:\allure\system\CodeIgniter.php(419): CodeIgniter\CodeIgniter->runController(Object(App\Controllers\Home))
#3 C:\allure\system\CodeIgniter.php(326): CodeIgniter\CodeIgniter->handleRequest(NULL, Object(Config\Cache), false)
#4 C:\allure\public\index.php(37): CodeIgniter\CodeIgniter->run()
#5 C:\allure\system\Commands\Server\rewrite.php(43): require_once('C:\\allure\\publi...')
#6 {main}
CRITICAL - 2024-11-17 00:59:16 --> syntax error, unexpected 'echo' (T_ECHO), expecting ';'
#0 C:\allure\system\Autoloader\Autoloader.php(241): CodeIgniter\Autoloader\Autoloader->includeFile('C:\\allure\\app\\M...')
#1 C:\allure\system\Autoloader\Autoloader.php(219): CodeIgniter\Autoloader\Autoloader->loadInNamespace('App\\Models\\M_bu...')
#2 [internal function]: CodeIgniter\Autoloader\Autoloader->loadClass('App\\Models\\M_bu...')
#3 C:\allure\app\Controllers\Home.php(17): spl_autoload_call('App\\Models\\M_bu...')
#4 C:\allure\system\CodeIgniter.php(809): App\Controllers\Home->__construct()
#5 C:\allure\system\CodeIgniter.php(410): CodeIgniter\CodeIgniter->createController()
#6 C:\allure\system\CodeIgniter.php(326): CodeIgniter\CodeIgniter->handleRequest(NULL, Object(Config\Cache), false)
#7 C:\allure\public\index.php(37): CodeIgniter\CodeIgniter->run()
#8 C:\allure\system\Commands\Server\rewrite.php(43): require_once('C:\\allure\\publi...')
#9 {main}
ERROR - 2024-11-17 00:59:24 --> Unknown column 'pembayaran.id_pembayaran' in 'on clause'
ERROR - 2024-11-17 00:59:51 --> Unknown column 'pembayaran.id_pembayaran' in 'on clause'
ERROR - 2024-11-17 01:00:50 --> Unknown column 'pembayaran.id_pembayaran' in 'on clause'
CRITICAL - 2024-11-17 01:00:50 --> Call to a member function getResult() on bool
#0 C:\allure\app\Controllers\Home.php(495): App\Models\M_burger->tampil_join4('orders', 'user', 'foto', 'pembayaran', 'orders.id_pemba...', 'orders.id_user ...', 'orders.id_foto ...')
#1 C:\allure\system\CodeIgniter.php(832): App\Controllers\Home->orderadmin()
#2 C:\allure\system\CodeIgniter.php(419): CodeIgniter\CodeIgniter->runController(Object(App\Controllers\Home))
#3 C:\allure\system\CodeIgniter.php(326): CodeIgniter\CodeIgniter->handleRequest(NULL, Object(Config\Cache), false)
#4 C:\allure\public\index.php(37): CodeIgniter\CodeIgniter->run()
#5 C:\allure\system\Commands\Server\rewrite.php(43): require_once('C:\\allure\\publi...')
#6 {main}
ERROR - 2024-11-17 01:01:22 --> Unknown column 'pembayaran.id_pembayaran' in 'on clause'
CRITICAL - 2024-11-17 01:01:22 --> Call to a member function getResult() on bool
#0 C:\allure\app\Controllers\Home.php(495): App\Models\M_burger->tampil_join4('orders', 'user', 'foto', 'pembayaran', 'orders.id_pemba...', 'orders.id_user ...', 'orders.id_foto ...')
#1 C:\allure\system\CodeIgniter.php(832): App\Controllers\Home->orderadmin()
#2 C:\allure\system\CodeIgniter.php(419): CodeIgniter\CodeIgniter->runController(Object(App\Controllers\Home))
#3 C:\allure\system\CodeIgniter.php(326): CodeIgniter\CodeIgniter->handleRequest(NULL, Object(Config\Cache), false)
#4 C:\allure\public\index.php(37): CodeIgniter\CodeIgniter->run()
#5 C:\allure\system\Commands\Server\rewrite.php(43): require_once('C:\\allure\\publi...')
#6 {main}
ERROR - 2024-11-17 01:02:33 --> Unknown column 'pembayaran.id_pembayaran' in 'on clause'
CRITICAL - 2024-11-17 01:02:33 --> Call to a member function getResult() on bool
#0 C:\allure\app\Controllers\Home.php(493): App\Models\M_burger->tampil_join3('orders', 'foto', 'pembayaran', 'orders.id_pemba...', 'orders.id_foto ...')
#1 C:\allure\system\CodeIgniter.php(832): App\Controllers\Home->orderadmin()
#2 C:\allure\system\CodeIgniter.php(419): CodeIgniter\CodeIgniter->runController(Object(App\Controllers\Home))
#3 C:\allure\system\CodeIgniter.php(326): CodeIgniter\CodeIgniter->handleRequest(NULL, Object(Config\Cache), false)
#4 C:\allure\public\index.php(37): CodeIgniter\CodeIgniter->run()
#5 C:\allure\system\Commands\Server\rewrite.php(43): require_once('C:\\allure\\publi...')
#6 {main}
ERROR - 2024-11-17 01:02:48 --> Unknown column 'pembayaran.id_pembayaran' in 'on clause'
CRITICAL - 2024-11-17 01:02:48 --> Call to a member function getResult() on bool
#0 C:\allure\app\Controllers\Home.php(493): App\Models\M_burger->tampil_join3('orders', 'user', 'pembayaran', 'orders.id_pemba...', 'orders.id_user ...')
#1 C:\allure\system\CodeIgniter.php(832): App\Controllers\Home->orderadmin()
#2 C:\allure\system\CodeIgniter.php(419): CodeIgniter\CodeIgniter->runController(Object(App\Controllers\Home))
#3 C:\allure\system\CodeIgniter.php(326): CodeIgniter\CodeIgniter->handleRequest(NULL, Object(Config\Cache), false)
#4 C:\allure\public\index.php(37): CodeIgniter\CodeIgniter->run()
#5 C:\allure\system\Commands\Server\rewrite.php(43): require_once('C:\\allure\\publi...')
#6 {main}
CRITICAL - 2024-11-17 01:06:29 --> Call to a member function tampil_join4() on null
#0 C:\allure\system\CodeIgniter.php(832): App\Controllers\Home->orderadmin()
#1 C:\allure\system\CodeIgniter.php(419): CodeIgniter\CodeIgniter->runController(Object(App\Controllers\Home))
#2 C:\allure\system\CodeIgniter.php(326): CodeIgniter\CodeIgniter->handleRequest(NULL, Object(Config\Cache), false)
#3 C:\allure\public\index.php(37): CodeIgniter\CodeIgniter->run()
#4 C:\allure\system\Commands\Server\rewrite.php(43): require_once('C:\\allure\\publi...')
#5 {main}
CRITICAL - 2024-11-17 01:07:40 --> Call to a member function tampil_join4() on null
#0 C:\allure\system\CodeIgniter.php(832): App\Controllers\Home->orderadmin()
#1 C:\allure\system\CodeIgniter.php(419): CodeIgniter\CodeIgniter->runController(Object(App\Controllers\Home))
#2 C:\allure\system\CodeIgniter.php(326): CodeIgniter\CodeIgniter->handleRequest(NULL, Object(Config\Cache), false)
#3 C:\allure\public\index.php(37): CodeIgniter\CodeIgniter->run()
#4 C:\allure\system\Commands\Server\rewrite.php(43): require_once('C:\\allure\\publi...')
#5 {main}
ERROR - 2024-11-17 14:43:46 --> Table 'design.history_edit' doesn't exist
ERROR - 2024-11-17 14:43:46 --> Failed to insert history_edit data: Array
ERROR - 2024-11-17 14:44:39 --> Table 'design.history_edit' doesn't exist
ERROR - 2024-11-17 14:44:39 --> Failed to insert history_edit data: Array
ERROR - 2024-11-17 14:45:32 --> Table 'design.history_edit' doesn't exist
ERROR - 2024-11-17 14:45:32 --> Failed to insert history_edit data: Array
ERROR - 2024-11-17 14:49:10 --> Table 'design.history_edit' doesn't exist
ERROR - 2024-11-17 14:49:10 --> Failed to insert history_edit data: Array
ERROR - 2024-11-17 14:49:22 --> Table 'design.history_edit' doesn't exist
ERROR - 2024-11-17 14:49:22 --> Failed to insert history_edit data: Array
ERROR - 2024-11-17 14:49:47 --> Table 'design.history_edit' doesn't exist
ERROR - 2024-11-17 14:49:47 --> Failed to insert history_edit data: Array
ERROR - 2024-11-17 14:51:40 --> Table 'design.history_edit' doesn't exist
ERROR - 2024-11-17 14:51:40 --> Failed to insert history_edit data: Array
ERROR - 2024-11-17 14:51:46 --> Table 'design.history_edit' doesn't exist
ERROR - 2024-11-17 14:51:46 --> Failed to insert history_edit data: Array
CRITICAL - 2024-11-17 21:10:04 --> Invalid argument supplied for foreach()
#0 C:\allure\app\Views\orderadmin.php(90): CodeIgniter\Debug\Exceptions->errorHandler(2, 'Invalid argumen...', 'C:\\allure\\app\\V...', 90, Array)
#1 C:\allure\system\View\View.php(210): include('C:\\allure\\app\\V...')
#2 C:\allure\system\View\View.php(213): CodeIgniter\View\View->CodeIgniter\View\{closure}()
#3 C:\allure\system\Common.php(1089): CodeIgniter\View\View->render('orderadmin', Array, true)
#4 C:\allure\app\Controllers\Home.php(510): view('orderadmin', Array)
#5 C:\allure\system\CodeIgniter.php(832): App\Controllers\Home->orderadmin()
#6 C:\allure\system\CodeIgniter.php(419): CodeIgniter\CodeIgniter->runController(Object(App\Controllers\Home))
#7 C:\allure\system\CodeIgniter.php(326): CodeIgniter\CodeIgniter->handleRequest(NULL, Object(Config\Cache), false)
#8 C:\allure\public\index.php(37): CodeIgniter\CodeIgniter->run()
#9 C:\allure\system\Commands\Server\rewrite.php(43): require_once('C:\\allure\\publi...')
#10 {main}
ERROR - 2024-11-17 22:29:30 --> Error connecting to the database: Unknown database 'design'
CRITICAL - 2024-11-17 22:29:30 --> Unable to connect to the database.
Main connection [MySQLi]: Unknown database 'design'
#0 C:\allure\system\Database\BaseConnection.php(577): CodeIgniter\Database\BaseConnection->initialize()
#1 C:\allure\system\Database\BaseBuilder.php(1588): CodeIgniter\Database\BaseConnection->query('SELECT *\nFROM `...', Array, false)
#2 C:\allure\app\Models\M_burger.php(227): CodeIgniter\Database\BaseBuilder->getWhere(Array)
#3 C:\allure\app\Controllers\Home.php(81): App\Models\M_burger->getWhere('user', Array)
#4 C:\allure\system\CodeIgniter.php(832): App\Controllers\Home->aksi_login()
#5 C:\allure\system\CodeIgniter.php(419): CodeIgniter\CodeIgniter->runController(Object(App\Controllers\Home))
#6 C:\allure\system\CodeIgniter.php(326): CodeIgniter\CodeIgniter->handleRequest(NULL, Object(Config\Cache), false)
#7 C:\allure\public\index.php(37): CodeIgniter\CodeIgniter->run()
#8 C:\allure\system\Commands\Server\rewrite.php(43): require_once('C:\\allure\\publi...')
#9 {main}
CRITICAL - 2024-11-17 22:30:02 --> Invalid argument supplied for foreach()
#0 C:\allure\app\Views\orderadmin.php(78): CodeIgniter\Debug\Exceptions->errorHandler(2, 'Invalid argumen...', 'C:\\allure\\app\\V...', 78, Array)
#1 C:\allure\system\View\View.php(210): include('C:\\allure\\app\\V...')
#2 C:\allure\system\View\View.php(213): CodeIgniter\View\View->CodeIgniter\View\{closure}()
#3 C:\allure\system\Common.php(1089): CodeIgniter\View\View->render('orderadmin', Array, true)
#4 C:\allure\app\Controllers\Home.php(510): view('orderadmin', Array)
#5 C:\allure\system\CodeIgniter.php(832): App\Controllers\Home->orderadmin()
#6 C:\allure\system\CodeIgniter.php(419): CodeIgniter\CodeIgniter->runController(Object(App\Controllers\Home))
#7 C:\allure\system\CodeIgniter.php(326): CodeIgniter\CodeIgniter->handleRequest(NULL, Object(Config\Cache), false)
#8 C:\allure\public\index.php(37): CodeIgniter\CodeIgniter->run()
#9 C:\allure\system\Commands\Server\rewrite.php(43): require_once('C:\\allure\\publi...')
#10 {main}
CRITICAL - 2024-11-17 22:34:40 --> Invalid argument supplied for foreach()
#0 C:\allure\app\Views\orderadmin.php(91): CodeIgniter\Debug\Exceptions->errorHandler(2, 'Invalid argumen...', 'C:\\allure\\app\\V...', 91, Array)
#1 C:\allure\system\View\View.php(210): include('C:\\allure\\app\\V...')
#2 C:\allure\system\View\View.php(213): CodeIgniter\View\View->CodeIgniter\View\{closure}()
#3 C:\allure\system\Common.php(1089): CodeIgniter\View\View->render('orderadmin', Array, true)
#4 C:\allure\app\Controllers\Home.php(510): view('orderadmin', Array)
#5 C:\allure\system\CodeIgniter.php(832): App\Controllers\Home->orderadmin()
#6 C:\allure\system\CodeIgniter.php(419): CodeIgniter\CodeIgniter->runController(Object(App\Controllers\Home))
#7 C:\allure\system\CodeIgniter.php(326): CodeIgniter\CodeIgniter->handleRequest(NULL, Object(Config\Cache), false)
#8 C:\allure\public\index.php(37): CodeIgniter\CodeIgniter->run()
#9 C:\allure\system\Commands\Server\rewrite.php(43): require_once('C:\\allure\\publi...')
#10 {main}
CRITICAL - 2024-11-17 22:34:47 --> Invalid argument supplied for foreach()
#0 C:\allure\app\Views\orderadmin.php(90): CodeIgniter\Debug\Exceptions->errorHandler(2, 'Invalid argumen...', 'C:\\allure\\app\\V...', 90, Array)
#1 C:\allure\system\View\View.php(210): include('C:\\allure\\app\\V...')
#2 C:\allure\system\View\View.php(213): CodeIgniter\View\View->CodeIgniter\View\{closure}()
#3 C:\allure\system\Common.php(1089): CodeIgniter\View\View->render('orderadmin', Array, true)
#4 C:\allure\app\Controllers\Home.php(510): view('orderadmin', Array)
#5 C:\allure\system\CodeIgniter.php(832): App\Controllers\Home->orderadmin()
#6 C:\allure\system\CodeIgniter.php(419): CodeIgniter\CodeIgniter->runController(Object(App\Controllers\Home))
#7 C:\allure\system\CodeIgniter.php(326): CodeIgniter\CodeIgniter->handleRequest(NULL, Object(Config\Cache), false)
#8 C:\allure\public\index.php(37): CodeIgniter\CodeIgniter->run()
#9 C:\allure\system\Commands\Server\rewrite.php(43): require_once('C:\\allure\\publi...')
#10 {main}
ERROR - 2024-11-17 22:42:13 --> Table 'design.history_edit' doesn't exist
ERROR - 2024-11-17 22:42:13 --> Query Error: SELECT `user`.`username`, `history_edit`.`activity`, `history_edit`.`description`, `history_edit`.`timestamp`
FROM `history_edit`
LEFT JOIN `user` ON `history_edit`.`user_id` = `user`.`id_user`
ORDER BY `history_edit`.`timestamp` DESC
ERROR - 2024-11-17 22:42:17 --> Table 'design.history_edit' doesn't exist
ERROR - 2024-11-17 22:42:17 --> Query Error: SELECT `user`.`username`, `history_edit`.`activity`, `history_edit`.`description`, `history_edit`.`timestamp`
FROM `history_edit`
LEFT JOIN `user` ON `history_edit`.`user_id` = `user`.`id_user`
ORDER BY `history_edit`.`timestamp` DESC
CRITICAL - 2024-11-17 22:59:47 --> Too few arguments to function App\Controllers\Home::order(), 0 passed in C:\allure\system\CodeIgniter.php on line 832 and exactly 1 expected
#0 C:\allure\system\CodeIgniter.php(832): App\Controllers\Home->order()
#1 C:\allure\system\CodeIgniter.php(419): CodeIgniter\CodeIgniter->runController(Object(App\Controllers\Home))
#2 C:\allure\system\CodeIgniter.php(326): CodeIgniter\CodeIgniter->handleRequest(NULL, Object(Config\Cache), false)
#3 C:\allure\public\index.php(37): CodeIgniter\CodeIgniter->run()
#4 C:\allure\system\Commands\Server\rewrite.php(43): require_once('C:\\allure\\publi...')
#5 {main}
CRITICAL - 2024-11-17 23:01:31 --> Too few arguments to function App\Controllers\Home::order(), 0 passed in C:\allure\system\CodeIgniter.php on line 832 and exactly 1 expected
#0 C:\allure\system\CodeIgniter.php(832): App\Controllers\Home->order()
#1 C:\allure\system\CodeIgniter.php(419): CodeIgniter\CodeIgniter->runController(Object(App\Controllers\Home))
#2 C:\allure\system\CodeIgniter.php(326): CodeIgniter\CodeIgniter->handleRequest(NULL, Object(Config\Cache), false)
#3 C:\allure\public\index.php(37): CodeIgniter\CodeIgniter->run()
#4 C:\allure\system\Commands\Server\rewrite.php(43): require_once('C:\\allure\\publi...')
#5 {main}
