ERROR - 2024-08-16 06:35:10 --> Error connecting to the database: No connection could be made because the target machine actively refused it.

CRITICAL - 2024-08-16 06:35:10 --> Unable to connect to the database.
Main connection [MySQLi]: No connection could be made because the target machine actively refused it.

#0 C:\burger\system\Database\BaseConnection.php(577): CodeIgniter\Database\BaseConnection->initialize()
#1 C:\burger\system\Database\BaseBuilder.php(1588): CodeIgniter\Database\BaseConnection->query('SELECT *\nFROM `...', Array, false)
#2 C:\burger\app\Models\M_burger.php(115): CodeIgniter\Database\BaseBuilder->getWhere(Array)
#3 C:\burger\app\Controllers\Home.php(86): App\Models\M_burger->getWhere('user', Array)
#4 C:\burger\system\CodeIgniter.php(832): App\Controllers\Home->aksi_login()
#5 C:\burger\system\CodeIgniter.php(419): CodeIgniter\CodeIgniter->runController(Object(App\Controllers\Home))
#6 C:\burger\system\CodeIgniter.php(326): CodeIgniter\CodeIgniter->handleRequest(NULL, Object(Config\Cache), false)
#7 C:\burger\public\index.php(37): CodeIgniter\CodeIgniter->run()
#8 C:\burger\system\Commands\Server\rewrite.php(43): require_once('C:\\burger\\publi...')
#9 {main}
CRITICAL - 2024-08-16 18:35:23 --> Call to a member function post() on null
#0 C:\burger\system\CodeIgniter.php(832): App\Controllers\Home->aksi_login()
#1 C:\burger\system\CodeIgniter.php(419): CodeIgniter\CodeIgniter->runController(Object(App\Controllers\Home))
#2 C:\burger\system\CodeIgniter.php(326): CodeIgniter\CodeIgniter->handleRequest(NULL, Object(Config\Cache), false)
#3 C:\burger\public\index.php(37): CodeIgniter\CodeIgniter->run()
#4 C:\burger\system\Commands\Server\rewrite.php(43): require_once('C:\\burger\\publi...')
#5 {main}
CRITICAL - 2024-08-16 06:49:51 --> Use of undefined constant codes - assumed 'codes' (this will throw an Error in a future version of PHP)
#0 C:\burger\app\Controllers\Home.php(96): CodeIgniter\Debug\Exceptions->errorHandler(2, 'Use of undefine...', 'C:\\burger\\app\\C...', 96, Array)
#1 C:\burger\system\CodeIgniter.php(832): App\Controllers\Home->aksi_login()
#2 C:\burger\system\CodeIgniter.php(419): CodeIgniter\CodeIgniter->runController(Object(App\Controllers\Home))
#3 C:\burger\system\CodeIgniter.php(326): CodeIgniter\CodeIgniter->handleRequest(NULL, Object(Config\Cache), false)
#4 C:\burger\public\index.php(37): CodeIgniter\CodeIgniter->run()
#5 C:\burger\system\Commands\Server\rewrite.php(43): require_once('C:\\burger\\publi...')
#6 {main}
ERROR - 2024-08-16 06:50:25 --> Google reCAPTCHA verification failed: invalid-input-response
ERROR - 2024-08-16 06:50:30 --> Google reCAPTCHA verification failed: invalid-input-response
ERROR - 2024-08-16 06:50:39 --> Google reCAPTCHA verification failed: invalid-input-response
ERROR - 2024-08-16 06:51:29 --> Google reCAPTCHA verification failed: invalid-input-response
ERROR - 2024-08-16 06:51:29 --> Offline CAPTCHA verification failed.
ERROR - 2024-08-16 06:54:14 --> Offline CAPTCHA verification failed.
ERROR - 2024-08-16 06:54:26 --> Google reCAPTCHA verification failed: invalid-input-response
ERROR - 2024-08-16 06:54:26 --> Offline CAPTCHA verification failed.
ERROR - 2024-08-16 08:03:16 --> Unknown column 'status' in 'where clause'
ERROR - 2024-08-16 08:04:16 --> Unknown column 'status' in 'where clause'
ERROR - 2024-08-16 08:05:01 --> Unknown column 'status' in 'where clause'
ERROR - 2024-08-16 08:05:36 --> Unknown column 'status' in 'where clause'
ERROR - 2024-08-16 08:05:46 --> Unknown column 'status' in 'where clause'
ERROR - 2024-08-16 08:08:41 --> Unknown column 'status' in 'where clause'
ERROR - 2024-08-16 08:35:38 --> Unknown column 'created_by' in 'field list'
ERROR - 2024-08-16 08:35:38 --> Database error: Array
ERROR - 2024-08-16 08:35:38 --> Gagal menyimpan data transaksi: {"tgl_transaksi":"2024-08-16 08:35:38","kode_transaksi":"2024081608083822","id_user":"22","id_makanan":"17","jumlah":"4","total_harga":"80","created_by":"22"}
ERROR - 2024-08-16 08:35:47 --> Unknown column 'created_by' in 'field list'
ERROR - 2024-08-16 08:35:47 --> Database error: Array
ERROR - 2024-08-16 08:35:47 --> Gagal menyimpan data transaksi: {"tgl_transaksi":"2024-08-16 08:35:47","kode_transaksi":"2024081608084722","id_user":"22","id_makanan":"17","jumlah":"4","total_harga":"80","created_by":"22"}
ERROR - 2024-08-16 08:37:41 --> Unknown column 'status' in 'where clause'
ERROR - 2024-08-16 08:37:57 --> Unknown column 'created_by' in 'field list'
ERROR - 2024-08-16 08:37:57 --> Database error: Array
ERROR - 2024-08-16 08:37:57 --> Gagal menyimpan data transaksi: {"tgl_transaksi":"2024-08-16 08:37:57","kode_transaksi":"2024081608085715","id_user":"15","id_makanan":"1","jumlah":"4","total_harga":"84000","created_by":"15"}
CRITICAL - 2024-08-16 08:43:40 --> syntax error, unexpected 'public' (T_PUBLIC), expecting ')'
#0 C:\burger\system\Router\Router.php(175): CodeIgniter\Router\Router->autoRoute('home/Keranjang')
#1 C:\burger\system\CodeIgniter.php(726): CodeIgniter\Router\Router->handle('home/Keranjang')
#2 C:\burger\system\CodeIgniter.php(368): CodeIgniter\CodeIgniter->tryToRouteIt(Object(CodeIgniter\Router\RouteCollection))
#3 C:\burger\system\CodeIgniter.php(326): CodeIgniter\CodeIgniter->handleRequest(NULL, Object(Config\Cache), false)
#4 C:\burger\public\index.php(37): CodeIgniter\CodeIgniter->run()
#5 C:\burger\system\Commands\Server\rewrite.php(43): require_once('C:\\burger\\publi...')
#6 {main}
CRITICAL - 2024-08-16 08:43:49 --> syntax error, unexpected '}', expecting ')'
#0 C:\burger\system\Router\Router.php(175): CodeIgniter\Router\Router->autoRoute('home/Keranjang')
#1 C:\burger\system\CodeIgniter.php(726): CodeIgniter\Router\Router->handle('home/Keranjang')
#2 C:\burger\system\CodeIgniter.php(368): CodeIgniter\CodeIgniter->tryToRouteIt(Object(CodeIgniter\Router\RouteCollection))
#3 C:\burger\system\CodeIgniter.php(326): CodeIgniter\CodeIgniter->handleRequest(NULL, Object(Config\Cache), false)
#4 C:\burger\public\index.php(37): CodeIgniter\CodeIgniter->run()
#5 C:\burger\system\Commands\Server\rewrite.php(43): require_once('C:\\burger\\publi...')
#6 {main}
CRITICAL - 2024-08-16 08:44:24 --> Call to a member function getRow() on array
#0 C:\burger\system\CodeIgniter.php(832): App\Controllers\Home->aksi_bayar()
#1 C:\burger\system\CodeIgniter.php(419): CodeIgniter\CodeIgniter->runController(Object(App\Controllers\Home))
#2 C:\burger\system\CodeIgniter.php(326): CodeIgniter\CodeIgniter->handleRequest(NULL, Object(Config\Cache), false)
#3 C:\burger\public\index.php(37): CodeIgniter\CodeIgniter->run()
#4 C:\burger\system\Commands\Server\rewrite.php(43): require_once('C:\\burger\\publi...')
#5 {main}
CRITICAL - 2024-08-16 08:47:00 --> Too few arguments to function App\Models\M_burger::getWherecon(), 1 passed in C:\burger\app\Controllers\Home.php on line 505 and exactly 2 expected
#0 C:\burger\app\Controllers\Home.php(505): App\Models\M_burger->getWherecon(Array)
#1 C:\burger\system\CodeIgniter.php(832): App\Controllers\Home->aksi_bayar()
#2 C:\burger\system\CodeIgniter.php(419): CodeIgniter\CodeIgniter->runController(Object(App\Controllers\Home))
#3 C:\burger\system\CodeIgniter.php(326): CodeIgniter\CodeIgniter->handleRequest(NULL, Object(Config\Cache), false)
#4 C:\burger\public\index.php(37): CodeIgniter\CodeIgniter->run()
#5 C:\burger\system\Commands\Server\rewrite.php(43): require_once('C:\\burger\\publi...')
#6 {main}
ERROR - 2024-08-16 08:47:41 --> Unknown column 'created_by' in 'field list'
ERROR - 2024-08-16 08:47:41 --> Database error: Array
ERROR - 2024-08-16 08:47:41 --> Gagal menyimpan data transaksi: {"tgl_transaksi":"2024-08-16 08:47:41","kode_transaksi":"2024081608084115","id_user":"15","id_makanan":"1","jumlah":"2","total_harga":42000,"created_by":"15","payment_method":"dana","address":"ee"}
ERROR - 2024-08-16 08:47:51 --> Unknown column 'created_by' in 'field list'
ERROR - 2024-08-16 08:47:51 --> Database error: Array
ERROR - 2024-08-16 08:47:51 --> Gagal menyimpan data transaksi: {"tgl_transaksi":"2024-08-16 08:47:51","kode_transaksi":"2024081608085115","id_user":"15","id_makanan":"1","jumlah":"2","total_harga":42000,"created_by":"15","payment_method":"dana","address":"eee"}
ERROR - 2024-08-16 08:48:32 --> Unknown column 'status' in 'where clause'
ERROR - 2024-08-16 08:48:59 --> Unknown column 'status' in 'where clause'
ERROR - 2024-08-16 08:49:15 --> Unknown column 'status' in 'where clause'
ERROR - 2024-08-16 09:02:27 --> Unknown column 'status' in 'where clause'
CRITICAL - 2024-08-16 09:02:43 --> Class 'App\Models\TransaksiModel' not found
#0 C:\burger\system\CodeIgniter.php(832): App\Controllers\Home->aksi_bayar()
#1 C:\burger\system\CodeIgniter.php(419): CodeIgniter\CodeIgniter->runController(Object(App\Controllers\Home))
#2 C:\burger\system\CodeIgniter.php(326): CodeIgniter\CodeIgniter->handleRequest(NULL, Object(Config\Cache), false)
#3 C:\burger\public\index.php(37): CodeIgniter\CodeIgniter->run()
#4 C:\burger\system\Commands\Server\rewrite.php(43): require_once('C:\\burger\\publi...')
#5 {main}
ERROR - 2024-08-16 23:07:11 --> Unknown column 'status' in 'where clause'
ERROR - 2024-08-16 23:07:56 --> Unknown column 'status' in 'where clause'
ERROR - 2024-08-16 23:07:58 --> Unknown column 'status' in 'where clause'
ERROR - 2024-08-16 23:08:56 --> Unknown column 'status' in 'where clause'
ERROR - 2024-08-16 23:09:17 --> Unknown column 'status' in 'where clause'
ERROR - 2024-08-16 23:09:39 --> Unknown column 'status' in 'where clause'
CRITICAL - 2024-08-16 23:12:08 --> The original file is not a valid file.
#0 C:\burger\system\HTTP\Files\UploadedFile.php(137): CodeIgniter\HTTP\Exceptions\HTTPException::forInvalidFile()
#1 C:\burger\app\Models\M_burger.php(94): CodeIgniter\HTTP\Files\UploadedFile->move('C:\\burger\\publi...', '')
#2 C:\burger\app\Controllers\Home.php(319): App\Models\M_burger->upload(Object(CodeIgniter\HTTP\Files\UploadedFile))
#3 C:\burger\system\CodeIgniter.php(832): App\Controllers\Home->aksi_t_burger()
#4 C:\burger\system\CodeIgniter.php(419): CodeIgniter\CodeIgniter->runController(Object(App\Controllers\Home))
#5 C:\burger\system\CodeIgniter.php(326): CodeIgniter\CodeIgniter->handleRequest(NULL, Object(Config\Cache), false)
#6 C:\burger\public\index.php(37): CodeIgniter\CodeIgniter->run()
#7 C:\burger\system\Commands\Server\rewrite.php(43): require_once('C:\\burger\\publi...')
#8 {main}
ERROR - 2024-08-16 23:31:38 --> Unknown column 'status' in 'where clause'
CRITICAL - 2024-08-16 23:46:06 --> syntax error, unexpected end of file
#0 C:\burger\system\View\View.php(213): CodeIgniter\View\View->CodeIgniter\View\{closure}()
#1 C:\burger\system\Common.php(1089): CodeIgniter\View\View->render('history', Array, true)
#2 C:\burger\app\Controllers\Home.php(835): view('history', Array)
#3 C:\burger\system\CodeIgniter.php(832): App\Controllers\Home->history()
#4 C:\burger\system\CodeIgniter.php(419): CodeIgniter\CodeIgniter->runController(Object(App\Controllers\Home))
#5 C:\burger\system\CodeIgniter.php(326): CodeIgniter\CodeIgniter->handleRequest(NULL, Object(Config\Cache), false)
#6 C:\burger\public\index.php(37): CodeIgniter\CodeIgniter->run()
#7 C:\burger\system\Commands\Server\rewrite.php(43): require_once('C:\\burger\\publi...')
#8 {main}
CRITICAL - 2024-08-16 23:47:01 --> syntax error, unexpected end of file
#0 C:\burger\system\View\View.php(213): CodeIgniter\View\View->CodeIgniter\View\{closure}()
#1 C:\burger\system\Common.php(1089): CodeIgniter\View\View->render('history', Array, true)
#2 C:\burger\app\Controllers\Home.php(835): view('history', Array)
#3 C:\burger\system\CodeIgniter.php(832): App\Controllers\Home->history()
#4 C:\burger\system\CodeIgniter.php(419): CodeIgniter\CodeIgniter->runController(Object(App\Controllers\Home))
#5 C:\burger\system\CodeIgniter.php(326): CodeIgniter\CodeIgniter->handleRequest(NULL, Object(Config\Cache), false)
#6 C:\burger\public\index.php(37): CodeIgniter\CodeIgniter->run()
#7 C:\burger\system\Commands\Server\rewrite.php(43): require_once('C:\\burger\\publi...')
#8 {main}
CRITICAL - 2024-08-16 23:48:42 --> syntax error, unexpected end of file
#0 C:\burger\system\View\View.php(213): CodeIgniter\View\View->CodeIgniter\View\{closure}()
#1 C:\burger\system\Common.php(1089): CodeIgniter\View\View->render('history', Array, true)
#2 C:\burger\app\Controllers\Home.php(835): view('history', Array)
#3 C:\burger\system\CodeIgniter.php(832): App\Controllers\Home->history()
#4 C:\burger\system\CodeIgniter.php(419): CodeIgniter\CodeIgniter->runController(Object(App\Controllers\Home))
#5 C:\burger\system\CodeIgniter.php(326): CodeIgniter\CodeIgniter->handleRequest(NULL, Object(Config\Cache), false)
#6 C:\burger\public\index.php(37): CodeIgniter\CodeIgniter->run()
#7 C:\burger\system\Commands\Server\rewrite.php(43): require_once('C:\\burger\\publi...')
#8 {main}
CRITICAL - 2024-08-16 23:48:52 --> syntax error, unexpected end of file
#0 C:\burger\system\View\View.php(213): CodeIgniter\View\View->CodeIgniter\View\{closure}()
#1 C:\burger\system\Common.php(1089): CodeIgniter\View\View->render('history', Array, true)
#2 C:\burger\app\Controllers\Home.php(835): view('history', Array)
#3 C:\burger\system\CodeIgniter.php(832): App\Controllers\Home->history()
#4 C:\burger\system\CodeIgniter.php(419): CodeIgniter\CodeIgniter->runController(Object(App\Controllers\Home))
#5 C:\burger\system\CodeIgniter.php(326): CodeIgniter\CodeIgniter->handleRequest(NULL, Object(Config\Cache), false)
#6 C:\burger\public\index.php(37): CodeIgniter\CodeIgniter->run()
#7 C:\burger\system\Commands\Server\rewrite.php(43): require_once('C:\\burger\\publi...')
#8 {main}
