CRITICAL - 2024-11-10 01:31:52 --> Too few arguments to function App\Controllers\Home::h_suratk(), 0 passed in C:\office\system\CodeIgniter.php on line 832 and exactly 1 expected
#0 C:\office\system\CodeIgniter.php(832): App\Controllers\Home->h_suratk()
#1 C:\office\system\CodeIgniter.php(419): CodeIgniter\CodeIgniter->runController(Object(App\Controllers\Home))
#2 C:\office\system\CodeIgniter.php(326): CodeIgniter\CodeIgniter->handleRequest(NULL, Object(Config\Cache), false)
#3 C:\office\public\index.php(37): CodeIgniter\CodeIgniter->run()
#4 C:\office\system\Commands\Server\rewrite.php(43): require_once('C:\\office\\publi...')
#5 {main}
CRITICAL - 2024-11-10 01:32:41 --> Too few arguments to function App\Controllers\Home::h_suratk(), 0 passed in C:\office\system\CodeIgniter.php on line 832 and exactly 1 expected
#0 C:\office\system\CodeIgniter.php(832): App\Controllers\Home->h_suratk()
#1 C:\office\system\CodeIgniter.php(419): CodeIgniter\CodeIgniter->runController(Object(App\Controllers\Home))
#2 C:\office\system\CodeIgniter.php(326): CodeIgniter\CodeIgniter->handleRequest(NULL, Object(Config\Cache), false)
#3 C:\office\public\index.php(37): CodeIgniter\CodeIgniter->run()
#4 C:\office\system\Commands\Server\rewrite.php(43): require_once('C:\\office\\publi...')
#5 {main}
CRITICAL - 2024-11-10 01:32:44 --> Call to a member function deleteSuratById() on null
#0 C:\office\system\CodeIgniter.php(832): App\Controllers\Home->h_suratk('1')
#1 C:\office\system\CodeIgniter.php(419): CodeIgniter\CodeIgniter->runController(Object(App\Controllers\Home))
#2 C:\office\system\CodeIgniter.php(326): CodeIgniter\CodeIgniter->handleRequest(NULL, Object(Config\Cache), false)
#3 C:\office\public\index.php(37): CodeIgniter\CodeIgniter->run()
#4 C:\office\system\Commands\Server\rewrite.php(43): require_once('C:\\office\\publi...')
#5 {main}
CRITICAL - 2024-11-10 05:51:08 --> Call to undefined method stdClass::findAll()
#0 C:\office\system\CodeIgniter.php(832): App\Controllers\Home->filterSurat()
#1 C:\office\system\CodeIgniter.php(419): CodeIgniter\CodeIgniter->runController(Object(App\Controllers\Home))
#2 C:\office\system\CodeIgniter.php(326): CodeIgniter\CodeIgniter->handleRequest(NULL, Object(Config\Cache), false)
#3 C:\office\public\index.php(37): CodeIgniter\CodeIgniter->run()
#4 C:\office\system\Commands\Server\rewrite.php(43): require_once('C:\\office\\publi...')
#5 {main}
CRITICAL - 2024-11-10 05:51:09 --> Call to undefined method stdClass::findAll()
#0 C:\office\system\CodeIgniter.php(832): App\Controllers\Home->filterSurat()
#1 C:\office\system\CodeIgniter.php(419): CodeIgniter\CodeIgniter->runController(Object(App\Controllers\Home))
#2 C:\office\system\CodeIgniter.php(326): CodeIgniter\CodeIgniter->handleRequest(NULL, Object(Config\Cache), false)
#3 C:\office\public\index.php(37): CodeIgniter\CodeIgniter->run()
#4 C:\office\system\Commands\Server\rewrite.php(43): require_once('C:\\office\\publi...')
#5 {main}
CRITICAL - 2024-11-10 05:51:10 --> Call to undefined method stdClass::findAll()
#0 C:\office\system\CodeIgniter.php(832): App\Controllers\Home->filterSurat()
#1 C:\office\system\CodeIgniter.php(419): CodeIgniter\CodeIgniter->runController(Object(App\Controllers\Home))
#2 C:\office\system\CodeIgniter.php(326): CodeIgniter\CodeIgniter->handleRequest(NULL, Object(Config\Cache), false)
#3 C:\office\public\index.php(37): CodeIgniter\CodeIgniter->run()
#4 C:\office\system\Commands\Server\rewrite.php(43): require_once('C:\\office\\publi...')
#5 {main}
CRITICAL - 2024-11-10 05:51:11 --> Call to undefined method stdClass::findAll()
#0 C:\office\system\CodeIgniter.php(832): App\Controllers\Home->filterSurat()
#1 C:\office\system\CodeIgniter.php(419): CodeIgniter\CodeIgniter->runController(Object(App\Controllers\Home))
#2 C:\office\system\CodeIgniter.php(326): CodeIgniter\CodeIgniter->handleRequest(NULL, Object(Config\Cache), false)
#3 C:\office\public\index.php(37): CodeIgniter\CodeIgniter->run()
#4 C:\office\system\Commands\Server\rewrite.php(43): require_once('C:\\office\\publi...')
#5 {main}
CRITICAL - 2024-11-10 05:51:11 --> Call to undefined method stdClass::findAll()
#0 C:\office\system\CodeIgniter.php(832): App\Controllers\Home->filterSurat()
#1 C:\office\system\CodeIgniter.php(419): CodeIgniter\CodeIgniter->runController(Object(App\Controllers\Home))
#2 C:\office\system\CodeIgniter.php(326): CodeIgniter\CodeIgniter->handleRequest(NULL, Object(Config\Cache), false)
#3 C:\office\public\index.php(37): CodeIgniter\CodeIgniter->run()
#4 C:\office\system\Commands\Server\rewrite.php(43): require_once('C:\\office\\publi...')
#5 {main}
CRITICAL - 2024-11-10 05:51:12 --> Call to undefined method stdClass::findAll()
#0 C:\office\system\CodeIgniter.php(832): App\Controllers\Home->filterSurat()
#1 C:\office\system\CodeIgniter.php(419): CodeIgniter\CodeIgniter->runController(Object(App\Controllers\Home))
#2 C:\office\system\CodeIgniter.php(326): CodeIgniter\CodeIgniter->handleRequest(NULL, Object(Config\Cache), false)
#3 C:\office\public\index.php(37): CodeIgniter\CodeIgniter->run()
#4 C:\office\system\Commands\Server\rewrite.php(43): require_once('C:\\office\\publi...')
#5 {main}
ERROR - 2024-11-10 22:56:01 --> Table 'office.transaksi' doesn't exist
CRITICAL - 2024-11-10 22:56:01 --> Call to a member function getResult() on bool
#0 C:\office\app\Controllers\Home.php(1040): App\Models\M_burger->jointigawhere('transaksi', 'makanan', 'user', 'transaksi.id_ma...', 'transaksi.id_us...', 'transaksi.id_tr...', Array)
#1 C:\office\system\CodeIgniter.php(832): App\Controllers\Home->history()
#2 C:\office\system\CodeIgniter.php(419): CodeIgniter\CodeIgniter->runController(Object(App\Controllers\Home))
#3 C:\office\system\CodeIgniter.php(326): CodeIgniter\CodeIgniter->handleRequest(NULL, Object(Config\Cache), false)
#4 C:\office\public\index.php(37): CodeIgniter\CodeIgniter->run()
#5 C:\office\system\Commands\Server\rewrite.php(43): require_once('C:\\office\\publi...')
#6 {main}
