ERROR - 2024-11-23 19:14:02 --> Column 'user_id' cannot be null
ERROR - 2024-11-23 20:38:33 --> Table 'sharing.comments' doesn't exist
CRITICAL - 2024-11-23 20:38:33 --> Call to a member function getRow() on bool
#0 C:\sharin\app\Controllers\Home.php(487): App\Models\M_burger->getWhere('comments', Array)
#1 C:\sharin\system\CodeIgniter.php(832): App\Controllers\Home->posts()
#2 C:\sharin\system\CodeIgniter.php(419): CodeIgniter\CodeIgniter->runController(Object(App\Controllers\Home))
#3 C:\sharin\system\CodeIgniter.php(326): CodeIgniter\CodeIgniter->handleRequest(NULL, Object(Config\Cache), false)
#4 C:\sharin\public\index.php(37): CodeIgniter\CodeIgniter->run()
#5 C:\sharin\system\Commands\Server\rewrite.php(43): require_once('C:\\sharin\\publi...')
#6 {main}
ERROR - 2024-11-23 20:42:31 --> Cannot add or update a child row: a foreign key constraint fails (`sharing`.`komentar`, CONSTRAINT `komentar_ibfk_1` FOREIGN KEY (`id_post`) REFERENCES `posts` (`id_post`))
ERROR - 2024-11-23 20:44:45 --> Cannot add or update a child row: a foreign key constraint fails (`sharing`.`komentar`, CONSTRAINT `komentar_ibfk_1` FOREIGN KEY (`id_post`) REFERENCES `posts` (`id_post`))
CRITICAL - 2024-11-23 20:50:02 --> Invalid argument supplied for foreach()
#0 C:\sharin\app\Views\posts.php(38): CodeIgniter\Debug\Exceptions->errorHandler(2, 'Invalid argumen...', 'C:\\sharin\\app\\V...', 38, Array)
#1 C:\sharin\system\View\View.php(210): include('C:\\sharin\\app\\V...')
#2 C:\sharin\system\View\View.php(213): CodeIgniter\View\View->CodeIgniter\View\{closure}()
#3 C:\sharin\system\Common.php(1089): CodeIgniter\View\View->render('posts', Array, true)
#4 C:\sharin\app\Controllers\Home.php(508): view('posts', Array)
#5 C:\sharin\system\CodeIgniter.php(832): App\Controllers\Home->posts()
#6 C:\sharin\system\CodeIgniter.php(419): CodeIgniter\CodeIgniter->runController(Object(App\Controllers\Home))
#7 C:\sharin\system\CodeIgniter.php(326): CodeIgniter\CodeIgniter->handleRequest(NULL, Object(Config\Cache), false)
#8 C:\sharin\public\index.php(37): CodeIgniter\CodeIgniter->run()
#9 C:\sharin\system\Commands\Server\rewrite.php(43): require_once('C:\\sharin\\publi...')
#10 {main}
CRITICAL - 2024-11-23 20:50:03 --> Invalid argument supplied for foreach()
#0 C:\sharin\app\Views\posts.php(38): CodeIgniter\Debug\Exceptions->errorHandler(2, 'Invalid argumen...', 'C:\\sharin\\app\\V...', 38, Array)
#1 C:\sharin\system\View\View.php(210): include('C:\\sharin\\app\\V...')
#2 C:\sharin\system\View\View.php(213): CodeIgniter\View\View->CodeIgniter\View\{closure}()
#3 C:\sharin\system\Common.php(1089): CodeIgniter\View\View->render('posts', Array, true)
#4 C:\sharin\app\Controllers\Home.php(508): view('posts', Array)
#5 C:\sharin\system\CodeIgniter.php(832): App\Controllers\Home->posts()
#6 C:\sharin\system\CodeIgniter.php(419): CodeIgniter\CodeIgniter->runController(Object(App\Controllers\Home))
#7 C:\sharin\system\CodeIgniter.php(326): CodeIgniter\CodeIgniter->handleRequest(NULL, Object(Config\Cache), false)
#8 C:\sharin\public\index.php(37): CodeIgniter\CodeIgniter->run()
#9 C:\sharin\system\Commands\Server\rewrite.php(43): require_once('C:\\sharin\\publi...')
#10 {main}
ERROR - 2024-11-23 20:51:08 --> Unknown column 'id_foto' in 'field list'
ERROR - 2024-11-23 20:51:09 --> Table 'sharing.album' doesn't exist
CRITICAL - 2024-11-23 20:51:09 --> Call to a member function getResult() on bool
#0 C:\sharin\app\Controllers\Home.php(315): App\Models\M_burger->tampil('album')
#1 C:\sharin\system\CodeIgniter.php(832): App\Controllers\Home->album()
#2 C:\sharin\system\CodeIgniter.php(419): CodeIgniter\CodeIgniter->runController(Object(App\Controllers\Home))
#3 C:\sharin\system\CodeIgniter.php(326): CodeIgniter\CodeIgniter->handleRequest(NULL, Object(Config\Cache), false)
#4 C:\sharin\public\index.php(37): CodeIgniter\CodeIgniter->run()
#5 C:\sharin\system\Commands\Server\rewrite.php(43): require_once('C:\\sharin\\publi...')
#6 {main}
CRITICAL - 2024-11-23 21:02:04 --> syntax error, unexpected 'endforeach' (T_ENDFOREACH), expecting elseif (T_ELSEIF) or else (T_ELSE) or endif (T_ENDIF)
#0 C:\sharin\system\View\View.php(213): CodeIgniter\View\View->CodeIgniter\View\{closure}()
#1 C:\sharin\system\Common.php(1089): CodeIgniter\View\View->render('posts', Array, true)
#2 C:\sharin\app\Controllers\Home.php(440): view('posts', Array)
#3 C:\sharin\system\CodeIgniter.php(832): App\Controllers\Home->posts()
#4 C:\sharin\system\CodeIgniter.php(419): CodeIgniter\CodeIgniter->runController(Object(App\Controllers\Home))
#5 C:\sharin\system\CodeIgniter.php(326): CodeIgniter\CodeIgniter->handleRequest(NULL, Object(Config\Cache), false)
#6 C:\sharin\public\index.php(37): CodeIgniter\CodeIgniter->run()
#7 C:\sharin\system\Commands\Server\rewrite.php(43): require_once('C:\\sharin\\publi...')
#8 {main}
ERROR - 2024-11-23 21:06:27 --> Table 'sharing.foto' doesn't exist
CRITICAL - 2024-11-23 21:06:27 --> Call to a member function getResult() on bool
#0 C:\sharin\app\Controllers\Home.php(430): App\Models\M_burger->tampil_join2('posts', 'foto', 'foto.id_post = ...', Array)
#1 C:\sharin\system\CodeIgniter.php(832): App\Controllers\Home->posts()
#2 C:\sharin\system\CodeIgniter.php(419): CodeIgniter\CodeIgniter->runController(Object(App\Controllers\Home))
#3 C:\sharin\system\CodeIgniter.php(326): CodeIgniter\CodeIgniter->handleRequest(NULL, Object(Config\Cache), false)
#4 C:\sharin\public\index.php(37): CodeIgniter\CodeIgniter->run()
#5 C:\sharin\system\Commands\Server\rewrite.php(43): require_once('C:\\sharin\\publi...')
#6 {main}
CRITICAL - 2024-11-23 21:08:02 --> syntax error, unexpected 'else' (T_ELSE)
#0 C:\sharin\system\Router\Router.php(175): CodeIgniter\Router\Router->autoRoute('home/posts')
#1 C:\sharin\system\CodeIgniter.php(726): CodeIgniter\Router\Router->handle('home/posts')
#2 C:\sharin\system\CodeIgniter.php(368): CodeIgniter\CodeIgniter->tryToRouteIt(Object(CodeIgniter\Router\RouteCollection))
#3 C:\sharin\system\CodeIgniter.php(326): CodeIgniter\CodeIgniter->handleRequest(NULL, Object(Config\Cache), false)
#4 C:\sharin\public\index.php(37): CodeIgniter\CodeIgniter->run()
#5 C:\sharin\system\Commands\Server\rewrite.php(43): require_once('C:\\sharin\\publi...')
#6 {main}
ERROR - 2024-11-23 21:08:46 --> Table 'sharing.foto' doesn't exist
CRITICAL - 2024-11-23 21:08:46 --> Call to a member function getResult() on bool
#0 C:\sharin\app\Controllers\Home.php(430): App\Models\M_burger->tampil_join2('posts', 'foto', 'foto.id_post = ...', Array)
#1 C:\sharin\system\CodeIgniter.php(832): App\Controllers\Home->posts()
#2 C:\sharin\system\CodeIgniter.php(419): CodeIgniter\CodeIgniter->runController(Object(App\Controllers\Home))
#3 C:\sharin\system\CodeIgniter.php(326): CodeIgniter\CodeIgniter->handleRequest(NULL, Object(Config\Cache), false)
#4 C:\sharin\public\index.php(37): CodeIgniter\CodeIgniter->run()
#5 C:\sharin\system\Commands\Server\rewrite.php(43): require_once('C:\\sharin\\publi...')
#6 {main}
ERROR - 2024-11-23 21:09:22 --> Table 'sharing.foto' doesn't exist
CRITICAL - 2024-11-23 21:09:22 --> Call to a member function getResult() on bool
#0 C:\sharin\app\Controllers\Home.php(430): App\Models\M_burger->tampil_join2('posts', 'foto', 'foto.id_post = ...', Array)
#1 C:\sharin\system\CodeIgniter.php(832): App\Controllers\Home->posts()
#2 C:\sharin\system\CodeIgniter.php(419): CodeIgniter\CodeIgniter->runController(Object(App\Controllers\Home))
#3 C:\sharin\system\CodeIgniter.php(326): CodeIgniter\CodeIgniter->handleRequest(NULL, Object(Config\Cache), false)
#4 C:\sharin\public\index.php(37): CodeIgniter\CodeIgniter->run()
#5 C:\sharin\system\Commands\Server\rewrite.php(43): require_once('C:\\sharin\\publi...')
#6 {main}
CRITICAL - 2024-11-23 21:09:50 --> syntax error, unexpected 'else' (T_ELSE)
#0 C:\sharin\system\Router\Router.php(175): CodeIgniter\Router\Router->autoRoute('home/posts')
#1 C:\sharin\system\CodeIgniter.php(726): CodeIgniter\Router\Router->handle('home/posts')
#2 C:\sharin\system\CodeIgniter.php(368): CodeIgniter\CodeIgniter->tryToRouteIt(Object(CodeIgniter\Router\RouteCollection))
#3 C:\sharin\system\CodeIgniter.php(326): CodeIgniter\CodeIgniter->handleRequest(NULL, Object(Config\Cache), false)
#4 C:\sharin\public\index.php(37): CodeIgniter\CodeIgniter->run()
#5 C:\sharin\system\Commands\Server\rewrite.php(43): require_once('C:\\sharin\\publi...')
#6 {main}
