ERROR - 2024-11-12 20:03:18 --> Can't write; duplicate key in table 'activity_logs'
ERROR - 2024-11-12 20:03:18 --> Can't write; duplicate key in table 'activity_logs'
ERROR - 2024-11-12 20:04:30 --> Can't write; duplicate key in table 'activity_logs'
ERROR - 2024-11-12 20:44:17 --> Can't write; duplicate key in table 'activity_logs'
CRITICAL - 2024-11-12 07:45:58 --> Invalid file: t_user.php
#0 C:\office\system\View\View.php(198): CodeIgniter\Exceptions\FrameworkException::forInvalidFile('t_user.php')
#1 C:\office\system\Common.php(1089): CodeIgniter\View\View->render('t_user', Array, true)
#2 C:\office\app\Controllers\Home.php(1020): view('t_user', Array)
#3 C:\office\system\CodeIgniter.php(832): App\Controllers\Home->t_user()
#4 C:\office\system\CodeIgniter.php(419): CodeIgniter\CodeIgniter->runController(Object(App\Controllers\Home))
#5 C:\office\system\CodeIgniter.php(326): CodeIgniter\CodeIgniter->handleRequest(NULL, Object(Config\Cache), false)
#6 C:\office\public\index.php(37): CodeIgniter\CodeIgniter->run()
#7 C:\office\system\Commands\Server\rewrite.php(43): require_once('C:\\office\\publi...')
#8 {main}
ERROR - 2024-11-12 07:48:40 --> MySQL server has gone away
ERROR - 2024-11-12 07:48:40 --> Query Error: SELECT `user`.`username`, `history_edit`.`activity`, `history_edit`.`description`, `history_edit`.`timestamp`
FROM `history_edit`
LEFT JOIN `user` ON `history_edit`.`user_id` = `user`.`id_user`
ORDER BY `history_edit`.`timestamp` DESC
ERROR - 2024-11-12 07:48:40 --> MySQL server has gone away
CRITICAL - 2024-11-12 07:48:40 --> Call to a member function getResult() on bool
#0 C:\office\app\Controllers\Home.php(157): App\Models\M_burger->tampilgambar('toko')
#1 C:\office\system\CodeIgniter.php(832): App\Controllers\Home->history_edit()
#2 C:\office\system\CodeIgniter.php(419): CodeIgniter\CodeIgniter->runController(Object(App\Controllers\Home))
#3 C:\office\system\CodeIgniter.php(326): CodeIgniter\CodeIgniter->handleRequest(NULL, Object(Config\Cache), false)
#4 C:\office\public\index.php(37): CodeIgniter\CodeIgniter->run()
#5 C:\office\system\Commands\Server\rewrite.php(43): require_once('C:\\office\\publi...')
#6 {main}
ERROR - 2024-11-12 08:25:11 --> Error connecting to the database: No connection could be made because the target machine actively refused it.

CRITICAL - 2024-11-12 08:25:11 --> Unable to connect to the database.
Main connection [MySQLi]: No connection could be made because the target machine actively refused it.

#0 C:\office\system\Database\BaseConnection.php(577): CodeIgniter\Database\BaseConnection->initialize()
#1 C:\office\system\Database\BaseBuilder.php(1455): CodeIgniter\Database\BaseConnection->query('SELECT *\nFROM `...', Array, false)
#2 C:\office\app\Models\M_burger.php(39): CodeIgniter\Database\BaseBuilder->get()
#3 C:\office\app\Controllers\Home.php(955): App\Models\M_burger->tampil('user')
#4 C:\office\system\CodeIgniter.php(832): App\Controllers\Home->user()
#5 C:\office\system\CodeIgniter.php(419): CodeIgniter\CodeIgniter->runController(Object(App\Controllers\Home))
#6 C:\office\system\CodeIgniter.php(326): CodeIgniter\CodeIgniter->handleRequest(NULL, Object(Config\Cache), false)
#7 C:\office\public\index.php(37): CodeIgniter\CodeIgniter->run()
#8 C:\office\system\Commands\Server\rewrite.php(43): require_once('C:\\office\\publi...')
#9 {main}
ERROR - 2024-11-12 08:25:21 --> MySQL server has gone away
CRITICAL - 2024-11-12 08:25:21 --> Call to a member function getResult() on bool
#0 C:\office\app\Controllers\Home.php(955): App\Models\M_burger->tampil('user')
#1 C:\office\system\CodeIgniter.php(832): App\Controllers\Home->user()
#2 C:\office\system\CodeIgniter.php(419): CodeIgniter\CodeIgniter->runController(Object(App\Controllers\Home))
#3 C:\office\system\CodeIgniter.php(326): CodeIgniter\CodeIgniter->handleRequest(NULL, Object(Config\Cache), false)
#4 C:\office\public\index.php(37): CodeIgniter\CodeIgniter->run()
#5 C:\office\system\Commands\Server\rewrite.php(43): require_once('C:\\office\\publi...')
#6 {main}
ERROR - 2024-11-12 08:25:33 --> Error connecting to the database: No connection could be made because the target machine actively refused it.

CRITICAL - 2024-11-12 08:25:33 --> Unable to connect to the database.
Main connection [MySQLi]: No connection could be made because the target machine actively refused it.

#0 C:\office\system\Database\BaseConnection.php(577): CodeIgniter\Database\BaseConnection->initialize()
#1 C:\office\system\Database\BaseBuilder.php(1455): CodeIgniter\Database\BaseConnection->query('SELECT *\nFROM `...', Array, false)
#2 C:\office\app\Models\M_burger.php(299): CodeIgniter\Database\BaseBuilder->get()
#3 C:\office\app\Controllers\Home.php(1192): App\Models\M_burger->tampilgambar('toko')
#4 C:\office\system\CodeIgniter.php(832): App\Controllers\Home->laporan()
#5 C:\office\system\CodeIgniter.php(419): CodeIgniter\CodeIgniter->runController(Object(App\Controllers\Home))
#6 C:\office\system\CodeIgniter.php(326): CodeIgniter\CodeIgniter->handleRequest(NULL, Object(Config\Cache), false)
#7 C:\office\public\index.php(37): CodeIgniter\CodeIgniter->run()
#8 C:\office\system\Commands\Server\rewrite.php(43): require_once('C:\\office\\publi...')
#9 {main}
ERROR - 2024-11-12 08:25:50 --> MySQL server has gone away
ERROR - 2024-11-12 08:25:50 --> Query Error: SELECT `user`.`username`, `history_edit`.`activity`, `history_edit`.`description`, `history_edit`.`timestamp`
FROM `history_edit`
LEFT JOIN `user` ON `history_edit`.`user_id` = `user`.`id_user`
ORDER BY `history_edit`.`timestamp` DESC
ERROR - 2024-11-12 08:25:50 --> MySQL server has gone away
CRITICAL - 2024-11-12 08:25:50 --> Call to a member function getResult() on bool
#0 C:\office\app\Controllers\Home.php(157): App\Models\M_burger->tampilgambar('toko')
#1 C:\office\system\CodeIgniter.php(832): App\Controllers\Home->history_edit()
#2 C:\office\system\CodeIgniter.php(419): CodeIgniter\CodeIgniter->runController(Object(App\Controllers\Home))
#3 C:\office\system\CodeIgniter.php(326): CodeIgniter\CodeIgniter->handleRequest(NULL, Object(Config\Cache), false)
#4 C:\office\public\index.php(37): CodeIgniter\CodeIgniter->run()
#5 C:\office\system\Commands\Server\rewrite.php(43): require_once('C:\\office\\publi...')
#6 {main}
ERROR - 2024-11-12 08:25:55 --> Error connecting to the database: No connection could be made because the target machine actively refused it.

CRITICAL - 2024-11-12 08:25:55 --> Unable to connect to the database.
Main connection [MySQLi]: No connection could be made because the target machine actively refused it.

#0 C:\office\system\Database\BaseConnection.php(577): CodeIgniter\Database\BaseConnection->initialize()
#1 C:\office\system\Database\BaseBuilder.php(1455): CodeIgniter\Database\BaseConnection->query('SELECT `user`.`...', Array, false)
#2 C:\office\app\Models\M_burger.php(411): CodeIgniter\Database\BaseBuilder->get()
#3 C:\office\app\Controllers\Home.php(131): App\Models\M_burger->getActivityLogs()
#4 C:\office\system\CodeIgniter.php(832): App\Controllers\Home->activity_log()
#5 C:\office\system\CodeIgniter.php(419): CodeIgniter\CodeIgniter->runController(Object(App\Controllers\Home))
#6 C:\office\system\CodeIgniter.php(326): CodeIgniter\CodeIgniter->handleRequest(NULL, Object(Config\Cache), false)
#7 C:\office\public\index.php(37): CodeIgniter\CodeIgniter->run()
#8 C:\office\system\Commands\Server\rewrite.php(43): require_once('C:\\office\\publi...')
#9 {main}
ERROR - 2024-11-12 08:26:04 --> MySQL server has gone away
CRITICAL - 2024-11-12 08:26:04 --> Call to a member function getResultArray() on bool
#0 C:\office\app\Controllers\Home.php(131): App\Models\M_burger->getActivityLogs()
#1 C:\office\system\CodeIgniter.php(832): App\Controllers\Home->activity_log()
#2 C:\office\system\CodeIgniter.php(419): CodeIgniter\CodeIgniter->runController(Object(App\Controllers\Home))
#3 C:\office\system\CodeIgniter.php(326): CodeIgniter\CodeIgniter->handleRequest(NULL, Object(Config\Cache), false)
#4 C:\office\public\index.php(37): CodeIgniter\CodeIgniter->run()
#5 C:\office\system\Commands\Server\rewrite.php(43): require_once('C:\\office\\publi...')
#6 {main}
ERROR - 2024-11-12 08:30:50 --> MySQL server has gone away
CRITICAL - 2024-11-12 08:30:50 --> Call to a member function getResultArray() on bool
#0 C:\office\app\Controllers\Home.php(131): App\Models\M_burger->getActivityLogs()
#1 C:\office\system\CodeIgniter.php(832): App\Controllers\Home->activity_log()
#2 C:\office\system\CodeIgniter.php(419): CodeIgniter\CodeIgniter->runController(Object(App\Controllers\Home))
#3 C:\office\system\CodeIgniter.php(326): CodeIgniter\CodeIgniter->handleRequest(NULL, Object(Config\Cache), false)
#4 C:\office\public\index.php(37): CodeIgniter\CodeIgniter->run()
#5 C:\office\system\Commands\Server\rewrite.php(43): require_once('C:\\office\\publi...')
#6 {main}
ERROR - 2024-11-12 08:31:04 --> MySQL server has gone away
CRITICAL - 2024-11-12 08:31:04 --> Call to a member function getResultArray() on bool
#0 C:\office\app\Controllers\Home.php(131): App\Models\M_burger->getActivityLogs()
#1 C:\office\system\CodeIgniter.php(832): App\Controllers\Home->activity_log()
#2 C:\office\system\CodeIgniter.php(419): CodeIgniter\CodeIgniter->runController(Object(App\Controllers\Home))
#3 C:\office\system\CodeIgniter.php(326): CodeIgniter\CodeIgniter->handleRequest(NULL, Object(Config\Cache), false)
#4 C:\office\public\index.php(37): CodeIgniter\CodeIgniter->run()
#5 C:\office\system\Commands\Server\rewrite.php(43): require_once('C:\\office\\publi...')
#6 {main}
ERROR - 2024-11-12 08:31:10 --> Error connecting to the database: No connection could be made because the target machine actively refused it.

CRITICAL - 2024-11-12 08:31:10 --> Unable to connect to the database.
Main connection [MySQLi]: No connection could be made because the target machine actively refused it.

#0 C:\office\system\Database\BaseConnection.php(577): CodeIgniter\Database\BaseConnection->initialize()
#1 C:\office\system\Database\BaseBuilder.php(1455): CodeIgniter\Database\BaseConnection->query('SELECT *\nFROM `...', Array, false)
#2 C:\office\app\Models\M_burger.php(299): CodeIgniter\Database\BaseBuilder->get()
#3 C:\office\app\Controllers\Home.php(1192): App\Models\M_burger->tampilgambar('toko')
#4 C:\office\system\CodeIgniter.php(832): App\Controllers\Home->laporan()
#5 C:\office\system\CodeIgniter.php(419): CodeIgniter\CodeIgniter->runController(Object(App\Controllers\Home))
#6 C:\office\system\CodeIgniter.php(326): CodeIgniter\CodeIgniter->handleRequest(NULL, Object(Config\Cache), false)
#7 C:\office\public\index.php(37): CodeIgniter\CodeIgniter->run()
#8 C:\office\system\Commands\Server\rewrite.php(43): require_once('C:\\office\\publi...')
#9 {main}
ERROR - 2024-11-12 08:31:18 --> MySQL server has gone away
CRITICAL - 2024-11-12 08:31:18 --> Call to a member function getResultArray() on bool
#0 C:\office\app\Controllers\Home.php(131): App\Models\M_burger->getActivityLogs()
#1 C:\office\system\CodeIgniter.php(832): App\Controllers\Home->activity_log()
#2 C:\office\system\CodeIgniter.php(419): CodeIgniter\CodeIgniter->runController(Object(App\Controllers\Home))
#3 C:\office\system\CodeIgniter.php(326): CodeIgniter\CodeIgniter->handleRequest(NULL, Object(Config\Cache), false)
#4 C:\office\public\index.php(37): CodeIgniter\CodeIgniter->run()
#5 C:\office\system\Commands\Server\rewrite.php(43): require_once('C:\\office\\publi...')
#6 {main}
ERROR - 2024-11-12 20:00:27 --> Table 'galeri.surat_m' doesn't exist
ERROR - 2024-11-12 20:00:27 --> Table 'galeri.surat_k' doesn't exist
ERROR - 2024-11-12 20:00:27 --> Table 'galeri.toko' doesn't exist
CRITICAL - 2024-11-12 20:00:27 --> Call to a member function getResult() on bool
#0 C:\galeri\app\Controllers\Home.php(40): App\Models\M_burger->tampilgambar('toko')
#1 C:\galeri\system\CodeIgniter.php(832): App\Controllers\Home->beranda()
#2 C:\galeri\system\CodeIgniter.php(419): CodeIgniter\CodeIgniter->runController(Object(App\Controllers\Home))
#3 C:\galeri\system\CodeIgniter.php(326): CodeIgniter\CodeIgniter->handleRequest(NULL, Object(Config\Cache), false)
#4 C:\galeri\public\index.php(37): CodeIgniter\CodeIgniter->run()
#5 C:\galeri\system\Commands\Server\rewrite.php(43): require_once('C:\\galeri\\publi...')
#6 {main}
CRITICAL - 2024-11-12 20:03:22 --> Call to undefined method App\Models\M_burger::getAlbumCount
#0 C:\galeri\app\Controllers\Home.php(30): CodeIgniter\Model->__call('getAlbumCount', Array)
#1 C:\galeri\system\CodeIgniter.php(832): App\Controllers\Home->beranda()
#2 C:\galeri\system\CodeIgniter.php(419): CodeIgniter\CodeIgniter->runController(Object(App\Controllers\Home))
#3 C:\galeri\system\CodeIgniter.php(326): CodeIgniter\CodeIgniter->handleRequest(NULL, Object(Config\Cache), false)
#4 C:\galeri\public\index.php(37): CodeIgniter\CodeIgniter->run()
#5 C:\galeri\system\Commands\Server\rewrite.php(43): require_once('C:\\galeri\\publi...')
#6 {main}
ERROR - 2024-11-12 20:06:20 --> Table 'galeri.surat_m' doesn't exist
ERROR - 2024-11-12 20:06:20 --> Table 'galeri.surat_m' doesn't exist
ERROR - 2024-11-12 20:06:20 --> Table 'galeri.keranjang' doesn't exist
CRITICAL - 2024-11-12 20:06:20 --> Call to a member function getResult() on bool
#0 C:\galeri\system\BaseModel.php(584): CodeIgniter\Model->doFindAll(0, 0)
#1 C:\galeri\app\Models\M_burger.php(16): CodeIgniter\BaseModel->findAll()
#2 C:\galeri\app\Controllers\Home.php(36): App\Models\M_burger->getLatestPhotos()
#3 C:\galeri\system\CodeIgniter.php(832): App\Controllers\Home->beranda()
#4 C:\galeri\system\CodeIgniter.php(419): CodeIgniter\CodeIgniter->runController(Object(App\Controllers\Home))
#5 C:\galeri\system\CodeIgniter.php(326): CodeIgniter\CodeIgniter->handleRequest(NULL, Object(Config\Cache), false)
#6 C:\galeri\public\index.php(37): CodeIgniter\CodeIgniter->run()
#7 C:\galeri\system\Commands\Server\rewrite.php(43): require_once('C:\\galeri\\publi...')
#8 {main}
ERROR - 2024-11-12 20:43:49 --> Table 'galeri.surat_m' doesn't exist
ERROR - 2024-11-12 20:43:49 --> Table 'galeri.surat_m' doesn't exist
CRITICAL - 2024-11-12 20:43:49 --> Invalid argument supplied for foreach()
#0 C:\galeri\app\Views\beranda.php(91): CodeIgniter\Debug\Exceptions->errorHandler(2, 'Invalid argumen...', 'C:\\galeri\\app\\V...', 91, Array)
#1 C:\galeri\system\View\View.php(210): include('C:\\galeri\\app\\V...')
#2 C:\galeri\system\View\View.php(213): CodeIgniter\View\View->CodeIgniter\View\{closure}()
#3 C:\galeri\system\Common.php(1089): CodeIgniter\View\View->render('beranda', Array, true)
#4 C:\galeri\app\Controllers\Home.php(39): view('beranda', Array)
#5 C:\galeri\system\CodeIgniter.php(832): App\Controllers\Home->beranda()
#6 C:\galeri\system\CodeIgniter.php(419): CodeIgniter\CodeIgniter->runController(Object(App\Controllers\Home))
#7 C:\galeri\system\CodeIgniter.php(326): CodeIgniter\CodeIgniter->handleRequest(NULL, Object(Config\Cache), false)
#8 C:\galeri\public\index.php(37): CodeIgniter\CodeIgniter->run()
#9 C:\galeri\system\Commands\Server\rewrite.php(43): require_once('C:\\galeri\\publi...')
#10 {main}
ERROR - 2024-11-12 20:44:17 --> Table 'galeri.surat_m' doesn't exist
ERROR - 2024-11-12 20:44:17 --> Table 'galeri.surat_m' doesn't exist
ERROR - 2024-11-12 20:44:33 --> Table 'galeri.surat_m' doesn't exist
ERROR - 2024-11-12 20:44:33 --> Table 'galeri.surat_m' doesn't exist
ERROR - 2024-11-12 20:44:46 --> Table 'galeri.surat_m' doesn't exist
ERROR - 2024-11-12 20:44:46 --> Table 'galeri.surat_m' doesn't exist
ERROR - 2024-11-12 20:45:12 --> Table 'galeri.surat_m' doesn't exist
ERROR - 2024-11-12 20:45:12 --> Table 'galeri.surat_m' doesn't exist
CRITICAL - 2024-11-12 20:45:12 --> Invalid argument supplied for foreach()
#0 C:\galeri\app\Views\beranda.php(91): CodeIgniter\Debug\Exceptions->errorHandler(2, 'Invalid argumen...', 'C:\\galeri\\app\\V...', 91, Array)
#1 C:\galeri\system\View\View.php(210): include('C:\\galeri\\app\\V...')
#2 C:\galeri\system\View\View.php(213): CodeIgniter\View\View->CodeIgniter\View\{closure}()
#3 C:\galeri\system\Common.php(1089): CodeIgniter\View\View->render('beranda', Array, true)
#4 C:\galeri\app\Controllers\Home.php(39): view('beranda', Array)
#5 C:\galeri\system\CodeIgniter.php(832): App\Controllers\Home->beranda()
#6 C:\galeri\system\CodeIgniter.php(419): CodeIgniter\CodeIgniter->runController(Object(App\Controllers\Home))
#7 C:\galeri\system\CodeIgniter.php(326): CodeIgniter\CodeIgniter->handleRequest(NULL, Object(Config\Cache), false)
#8 C:\galeri\public\index.php(37): CodeIgniter\CodeIgniter->run()
#9 C:\galeri\system\Commands\Server\rewrite.php(43): require_once('C:\\galeri\\publi...')
#10 {main}
ERROR - 2024-11-12 20:45:18 --> Table 'galeri.surat_m' doesn't exist
ERROR - 2024-11-12 20:45:18 --> Table 'galeri.surat_m' doesn't exist
ERROR - 2024-11-12 20:46:38 --> Table 'galeri.surat_m' doesn't exist
ERROR - 2024-11-12 20:46:38 --> Table 'galeri.surat_m' doesn't exist
ERROR - 2024-11-12 20:46:40 --> Table 'galeri.surat_m' doesn't exist
ERROR - 2024-11-12 20:46:40 --> Table 'galeri.surat_m' doesn't exist
ERROR - 2024-11-12 20:47:10 --> Table 'galeri.surat_m' doesn't exist
ERROR - 2024-11-12 20:47:10 --> Table 'galeri.surat_m' doesn't exist
ERROR - 2024-11-12 20:47:11 --> Table 'galeri.surat_m' doesn't exist
ERROR - 2024-11-12 20:47:11 --> Table 'galeri.surat_m' doesn't exist
ERROR - 2024-11-12 20:47:11 --> Table 'galeri.surat_m' doesn't exist
ERROR - 2024-11-12 20:47:11 --> Table 'galeri.surat_m' doesn't exist
ERROR - 2024-11-12 20:47:34 --> Table 'galeri.surat_m' doesn't exist
ERROR - 2024-11-12 20:47:34 --> Table 'galeri.surat_m' doesn't exist
ERROR - 2024-11-12 20:47:36 --> Table 'galeri.surat_m' doesn't exist
ERROR - 2024-11-12 20:47:36 --> Table 'galeri.surat_m' doesn't exist
ERROR - 2024-11-12 20:51:25 --> Table 'galeri.surat_m' doesn't exist
ERROR - 2024-11-12 20:51:25 --> Table 'galeri.surat_m' doesn't exist
ERROR - 2024-11-12 20:51:29 --> Table 'galeri.photo' doesn't exist
CRITICAL - 2024-11-12 20:51:29 --> Call to a member function getResult() on bool
#0 C:\galeri\app\Controllers\Home.php(281): App\Models\M_burger->tampil('photo')
#1 C:\galeri\system\CodeIgniter.php(832): App\Controllers\Home->photo()
#2 C:\galeri\system\CodeIgniter.php(419): CodeIgniter\CodeIgniter->runController(Object(App\Controllers\Home))
#3 C:\galeri\system\CodeIgniter.php(326): CodeIgniter\CodeIgniter->handleRequest(NULL, Object(Config\Cache), false)
#4 C:\galeri\public\index.php(37): CodeIgniter\CodeIgniter->run()
#5 C:\galeri\system\Commands\Server\rewrite.php(43): require_once('C:\\galeri\\publi...')
#6 {main}
CRITICAL - 2024-11-12 20:51:41 --> Invalid file: photo.php
#0 C:\galeri\system\View\View.php(198): CodeIgniter\Exceptions\FrameworkException::forInvalidFile('photo.php')
#1 C:\galeri\system\Common.php(1089): CodeIgniter\View\View->render('photo', Array, true)
#2 C:\galeri\app\Controllers\Home.php(293): view('photo', Array)
#3 C:\galeri\system\CodeIgniter.php(832): App\Controllers\Home->photo()
#4 C:\galeri\system\CodeIgniter.php(419): CodeIgniter\CodeIgniter->runController(Object(App\Controllers\Home))
#5 C:\galeri\system\CodeIgniter.php(326): CodeIgniter\CodeIgniter->handleRequest(NULL, Object(Config\Cache), false)
#6 C:\galeri\public\index.php(37): CodeIgniter\CodeIgniter->run()
#7 C:\galeri\system\Commands\Server\rewrite.php(43): require_once('C:\\galeri\\publi...')
#8 {main}
CRITICAL - 2024-11-12 20:51:52 --> Invalid file: surat_m.php
#0 C:\galeri\system\View\View.php(198): CodeIgniter\Exceptions\FrameworkException::forInvalidFile('surat_m.php')
#1 C:\galeri\system\Common.php(1089): CodeIgniter\View\View->render('surat_m', Array, true)
#2 C:\galeri\app\Controllers\Home.php(293): view('surat_m', Array)
#3 C:\galeri\system\CodeIgniter.php(832): App\Controllers\Home->photo()
#4 C:\galeri\system\CodeIgniter.php(419): CodeIgniter\CodeIgniter->runController(Object(App\Controllers\Home))
#5 C:\galeri\system\CodeIgniter.php(326): CodeIgniter\CodeIgniter->handleRequest(NULL, Object(Config\Cache), false)
#6 C:\galeri\public\index.php(37): CodeIgniter\CodeIgniter->run()
#7 C:\galeri\system\Commands\Server\rewrite.php(43): require_once('C:\\galeri\\publi...')
#8 {main}
ERROR - 2024-11-12 21:14:03 --> Column 'id_user' cannot be null
ERROR - 2024-11-12 21:14:41 --> Table 'galeri.surat_m' doesn't exist
ERROR - 2024-11-12 21:14:41 --> Table 'galeri.surat_m' doesn't exist
